#
# There is insufficient memory for the Java Runtime Environment to continue.
# Native memory allocation (mmap) failed to map 201326592 bytes for G1 virtual space
# Possible reasons:
#   The system is out of physical RAM or swap space
#   The process is running with CompressedOops enabled, and the Java Heap may be blocking the growth of the native heap
# Possible solutions:
#   Reduce memory load on the system
#   Increase physical memory or swap space
#   Check if swap backing store is full
#   Decrease Java heap size (-Xmx/-Xms)
#   Decrease number of Java threads
#   Decrease Java thread stack sizes (-Xss)
#   Set larger code cache with -XX:ReservedCodeCacheSize=
#   JVM is running with Unscaled Compressed Oops mode in which the Java heap is
#     placed in the first 4GB address space. The Java Heap base address is the
#     maximum limit for the native heap growth. Please use -XX:HeapBaseMinAddress
#     to set the Java Heap base and to place the Java Heap above 4GB virtual address.
# This output file may be truncated or incomplete.
#
#  Out of Memory Error (os_windows.cpp:3535), pid=20572, tid=6096
#
# JRE version: OpenJDK Runtime Environment Temurin-17.0.3+7 (17.0.3+7) (build 17.0.3+7)
# Java VM: OpenJDK 64-Bit Server VM Temurin-17.0.3+7 (17.0.3+7, mixed mode, emulated-client, tiered, compressed oops, compressed class ptrs, g1 gc, windows-amd64)
# No core dump will be written. Minidumps are not enabled by default on client versions of Windows
#

---------------  S U M M A R Y ------------

Command Line: -Dcom.sun.management.jmxremote -Dcom.sun.management.jmxremote.port=54820 -Dcom.sun.management.jmxremote.authenticate=false -Dcom.sun.management.jmxremote.ssl=false -Djava.rmi.server.hostname=localhost -Dspring.jmx.enabled=true -Dspring.application.admin.enabled=true -XX:TieredStopAtLevel=1 -Dspring.boot.project.name=uc-1 -Dfile.encoding=UTF-8 -XX:+ShowCodeDetailsInExceptionMessages com.devback.uc.Uc1Application

Host: 11th Gen Intel(R) Core(TM) i5-1135G7 @ 2.40GHz, 8 cores, 7G,  Windows 11 , 64 bit Build 22621 (10.0.22621.1778)
Time: Thu Jul  6 03:56:32 2023 Afr. centrale Ouest elapsed time: 8402.901195 seconds (0d 2h 20m 2s)

---------------  T H R E A D  ---------------

Current thread (0x0000023161c39010):  VMThread "VM Thread" [stack: 0x0000007d5ac00000,0x0000007d5ad00000] [id=6096]

Stack: [0x0000007d5ac00000,0x0000007d5ad00000]
Native frames: (J=compiled Java code, j=interpreted, Vv=VM code, C=native code)
V  [jvm.dll+0x675efa]
V  [jvm.dll+0x830a24]
V  [jvm.dll+0x8321ce]
V  [jvm.dll+0x832833]
V  [jvm.dll+0x2454b5]
V  [jvm.dll+0x672de9]
V  [jvm.dll+0x667732]
V  [jvm.dll+0x3043ab]
V  [jvm.dll+0x30b8f6]
V  [jvm.dll+0x35b62e]
V  [jvm.dll+0x35b85f]
V  [jvm.dll+0x2db248]
V  [jvm.dll+0x2d94fc]
V  [jvm.dll+0x2d8acc]
V  [jvm.dll+0x31ca2b]
V  [jvm.dll+0x836cdb]
V  [jvm.dll+0x837a14]
V  [jvm.dll+0x837f2c]
V  [jvm.dll+0x838304]
V  [jvm.dll+0x8383d0]
V  [jvm.dll+0x7e0cfa]
V  [jvm.dll+0x674d85]
C  [ucrtbase.dll+0x29363]
C  [KERNEL32.DLL+0x126ad]
C  [ntdll.dll+0x5a9f8]

VM_Operation (0x0000007d60bfe650): G1CollectForAllocation, mode: safepoint, requested by thread 0x0000023166b21380


---------------  P R O C E S S  ---------------

Threads class SMR info:
_java_thread_list=0x000002316694cb90, length=107, elements={
0x00000231533c0540, 0x0000023161c4d020, 0x0000023161c4d8e0, 0x0000023161c0ea20,
0x0000023161c25470, 0x0000023161c25d30, 0x0000023161c265f0, 0x0000023161c65010,
0x0000023161c6ce30, 0x0000023161daba50, 0x0000023161e61040, 0x00000231624e6990,
0x00000231624d2950, 0x00000231624e6e60, 0x00000231624c6f60, 0x00000231633931c0,
0x0000023162608650, 0x00000231626094c0, 0x000002316260bb40, 0x000002316260acd0,
0x0000023165c61870, 0x0000023165c62bb0, 0x000002316620f8a0, 0x000002316620dbc0,
0x000002316620ea30, 0x0000023165c61d40, 0x0000023165c613a0, 0x0000023165c62210,
0x000002316620c880, 0x000002316620bee0, 0x00000231662110b0, 0x000002316260c010,
0x000002316260b670, 0x000002316260b1a0, 0x0000023165c63080, 0x0000023165c60ed0,
0x0000023165c63550, 0x0000023162609e60, 0x000002316260a330, 0x000002316260a800,
0x00000231667cd120, 0x00000231667cdf90, 0x000002316620c3b0, 0x0000023166211580,
0x00000231667cc780, 0x0000023165c626e0, 0x0000023165c63a20, 0x00000231667ccc50,
0x00000231667cdac0, 0x00000231667cc2b0, 0x0000023165c60530, 0x0000023165c60a00,
0x00000231667ce460, 0x00000231667caaa0, 0x000002316632a820, 0x0000023166324310,
0x0000023166324cb0, 0x000002316620d6f0, 0x000002316620e090, 0x000002316620cd50,
0x0000023166327800, 0x0000023166327cd0, 0x00000231663281a0, 0x00000231662128c0,
0x000002316620ba10, 0x000002316620e560, 0x00000231663234a0, 0x0000023166325b20,
0x00000231663247e0, 0x00000231667caf70, 0x00000231667cb910, 0x00000231667cb440,
0x0000023166210be0, 0x0000023166211a50, 0x000002316620fd70, 0x00000231667cbde0,
0x00000231667cd5f0, 0x00000231663294e0, 0x0000023166b1d020, 0x0000023166b1d4f0,
0x0000023166b1f1d0, 0x0000023166b1ed00, 0x0000023166b23060, 0x0000023166b1f6a0,
0x0000023166b226c0, 0x0000023166b24870, 0x0000023166b1fb70, 0x0000023166b209e0,
0x0000023166b20040, 0x0000023166b20eb0, 0x0000023166b21380, 0x0000023166b21850,
0x0000023166b21d20, 0x0000023166b20510, 0x0000023166b221f0, 0x0000023166b22b90,
0x0000023166b23530, 0x0000023166b23a00, 0x0000023166b23ed0, 0x0000023166b243a0,
0x0000023166b1d9c0, 0x0000023166b1de90, 0x0000023166b1e360, 0x0000023166325180,
0x0000023166326e60, 0x0000023166329e80, 0x00000231663299b0
}

Java Threads: ( => current thread )
  0x00000231533c0540 JavaThread "main" [_thread_blocked, id=15032, stack(0x0000007d5a600000,0x0000007d5a700000)]
  0x0000023161c4d020 JavaThread "Reference Handler" daemon [_thread_blocked, id=19980, stack(0x0000007d5ad00000,0x0000007d5ae00000)]
  0x0000023161c4d8e0 JavaThread "Finalizer" daemon [_thread_blocked, id=10948, stack(0x0000007d5ae00000,0x0000007d5af00000)]
  0x0000023161c0ea20 JavaThread "Signal Dispatcher" daemon [_thread_blocked, id=18192, stack(0x0000007d5af00000,0x0000007d5b000000)]
  0x0000023161c25470 JavaThread "Attach Listener" daemon [_thread_blocked, id=1044, stack(0x0000007d5b000000,0x0000007d5b100000)]
  0x0000023161c25d30 JavaThread "Service Thread" daemon [_thread_blocked, id=18720, stack(0x0000007d5b100000,0x0000007d5b200000)]
  0x0000023161c265f0 JavaThread "Monitor Deflation Thread" daemon [_thread_blocked, id=27968, stack(0x0000007d5b200000,0x0000007d5b300000)]
  0x0000023161c65010 JavaThread "C1 CompilerThread0" daemon [_thread_blocked, id=9924, stack(0x0000007d5b300000,0x0000007d5b400000)]
  0x0000023161c6ce30 JavaThread "Sweeper thread" daemon [_thread_blocked, id=14132, stack(0x0000007d5b400000,0x0000007d5b500000)]
  0x0000023161daba50 JavaThread "Common-Cleaner" daemon [_thread_blocked, id=7336, stack(0x0000007d5b500000,0x0000007d5b600000)]
  0x0000023161e61040 JavaThread "Notification Thread" daemon [_thread_blocked, id=18032, stack(0x0000007d5b800000,0x0000007d5b900000)]
  0x00000231624e6990 JavaThread "RMI TCP Accept-0" daemon [_thread_in_native, id=12240, stack(0x0000007d5b900000,0x0000007d5ba00000)]
  0x00000231624d2950 JavaThread "RMI TCP Accept-54820" daemon [_thread_in_native, id=26004, stack(0x0000007d5ba00000,0x0000007d5bb00000)]
  0x00000231624e6e60 JavaThread "RMI TCP Accept-0" daemon [_thread_in_native, id=4588, stack(0x0000007d5bb00000,0x0000007d5bc00000)]
  0x00000231624c6f60 JavaThread "RMI Scheduler(0)" daemon [_thread_blocked, id=24096, stack(0x0000007d5be00000,0x0000007d5bf00000)]
  0x00000231633931c0 JavaThread "JMX server connection timeout 22" daemon [_thread_blocked, id=20440, stack(0x0000007d5c100000,0x0000007d5c200000)]
  0x0000023162608650 JavaThread "Thread-0" [_thread_blocked, id=20504, stack(0x0000007d5cc00000,0x0000007d5cd00000)]
  0x00000231626094c0 JavaThread "restartedMain" [_thread_blocked, id=7420, stack(0x0000007d5cd00000,0x0000007d5ce00000)]
  0x000002316260bb40 JavaThread "Thread-4" daemon [_thread_in_native, id=4148, stack(0x0000007d5ce00000,0x0000007d5cf00000)]
  0x000002316260acd0 JavaThread "BufferPoolPruner-1-thread-1" daemon [_thread_blocked, id=17744, stack(0x0000007d5d000000,0x0000007d5d100000)]
  0x0000023165c61870 JavaThread "Live Reload Server" daemon [_thread_in_native, id=24344, stack(0x0000007d5df00000,0x0000007d5e000000)]
  0x0000023165c62bb0 JavaThread "JNA Cleaner" daemon [_thread_blocked, id=4292, stack(0x0000007d5e100000,0x0000007d5e200000)]
  0x000002316620f8a0 JavaThread "JLine terminal non blocking reader thread" daemon [_thread_in_native, id=14784, stack(0x0000007d5ee00000,0x0000007d5ef00000)]
  0x000002316620dbc0 JavaThread "Thread-5" [_thread_blocked, id=9172, stack(0x0000007d5a400000,0x0000007d5a500000)]
  0x000002316620ea30 JavaThread "restartedMain" [_thread_blocked, id=21180, stack(0x0000007d5b600000,0x0000007d5b700000)]
  0x0000023165c61d40 JavaThread "JLine terminal non blocking reader thread" daemon [_thread_in_native, id=22128, stack(0x0000007d5ea00000,0x0000007d5eb00000)]
  0x0000023165c613a0 JavaThread "Thread-10" [_thread_blocked, id=23184, stack(0x0000007d5eb00000,0x0000007d5ec00000)]
  0x0000023165c62210 JavaThread "restartedMain" [_thread_blocked, id=23084, stack(0x0000007d5b700000,0x0000007d5b800000)]
  0x000002316620c880 JavaThread "JLine terminal non blocking reader thread" daemon [_thread_in_native, id=10460, stack(0x0000007d5ef00000,0x0000007d5f000000)]
  0x000002316620bee0 JavaThread "Thread-15" [_thread_blocked, id=2372, stack(0x0000007d5bd00000,0x0000007d5be00000)]
  0x00000231662110b0 JavaThread "restartedMain" [_thread_blocked, id=29880, stack(0x0000007d5bf00000,0x0000007d5c000000)]
  0x000002316260c010 JavaThread "JLine terminal non blocking reader thread" daemon [_thread_in_native, id=14632, stack(0x0000007d5f200000,0x0000007d5f300000)]
  0x000002316260b670 JavaThread "Thread-20" [_thread_blocked, id=9324, stack(0x0000007d5f300000,0x0000007d5f400000)]
  0x000002316260b1a0 JavaThread "restartedMain" [_thread_blocked, id=11616, stack(0x0000007d5d100000,0x0000007d5d200000)]
  0x0000023165c63080 JavaThread "JLine terminal non blocking reader thread" daemon [_thread_in_native, id=4332, stack(0x0000007d5f500000,0x0000007d5f600000)]
  0x0000023165c60ed0 JavaThread "Thread-25" [_thread_blocked, id=29520, stack(0x0000007d5c000000,0x0000007d5c100000)]
  0x0000023165c63550 JavaThread "restartedMain" [_thread_blocked, id=16356, stack(0x0000007d5d200000,0x0000007d5d300000)]
  0x0000023162609e60 JavaThread "JLine terminal non blocking reader thread" daemon [_thread_in_native, id=18872, stack(0x0000007d5f700000,0x0000007d5f800000)]
  0x000002316260a330 JavaThread "Thread-30" [_thread_blocked, id=3196, stack(0x0000007d5f800000,0x0000007d5f900000)]
  0x000002316260a800 JavaThread "restartedMain" [_thread_blocked, id=21960, stack(0x0000007d5d500000,0x0000007d5d600000)]
  0x00000231667cd120 JavaThread "JLine terminal non blocking reader thread" daemon [_thread_in_native, id=16800, stack(0x0000007d5fe00000,0x0000007d5ff00000)]
  0x00000231667cdf90 JavaThread "Thread-35" [_thread_blocked, id=15848, stack(0x0000007d5a500000,0x0000007d5a600000)]
  0x000002316620c3b0 JavaThread "File Watcher" daemon [_thread_blocked, id=14908, stack(0x0000007d5d400000,0x0000007d5d500000)]
  0x0000023166211580 JavaThread "restartedMain" [_thread_blocked, id=25168, stack(0x0000007d5d300000,0x0000007d5d400000)]
  0x00000231667cc780 JavaThread "JLine terminal non blocking reader thread" daemon [_thread_in_native, id=25580, stack(0x0000007d5fc00000,0x0000007d5fd00000)]
  0x0000023165c626e0 JavaThread "Thread-40" [_thread_blocked, id=30108, stack(0x0000007d5d600000,0x0000007d5d700000)]
  0x0000023165c63a20 JavaThread "restartedMain" [_thread_blocked, id=18180, stack(0x0000007d5d800000,0x0000007d5d900000)]
  0x00000231667ccc50 JavaThread "JLine terminal non blocking reader thread" daemon [_thread_in_native, id=26696, stack(0x0000007d60200000,0x0000007d60300000)]
  0x00000231667cdac0 JavaThread "Thread-48" [_thread_blocked, id=22036, stack(0x0000007d5d700000,0x0000007d5d800000)]
  0x00000231667cc2b0 JavaThread "restartedMain" [_thread_blocked, id=20888, stack(0x0000007d5d900000,0x0000007d5da00000)]
  0x0000023165c60530 JavaThread "JLine terminal non blocking reader thread" daemon [_thread_in_native, id=29012, stack(0x0000007d60800000,0x0000007d60900000)]
  0x0000023165c60a00 JavaThread "RMI TCP Connection(4)-127.0.0.1" daemon [_thread_blocked, id=22032, stack(0x0000007d5da00000,0x0000007d5db00000)]
  0x00000231667ce460 JavaThread "Thread-53" [_thread_blocked, id=29912, stack(0x0000007d5a300000,0x0000007d5a400000)]
  0x00000231667caaa0 JavaThread "restartedMain" [_thread_blocked, id=22048, stack(0x0000007d5db00000,0x0000007d5dc00000)]
  0x000002316632a820 JavaThread "JLine terminal non blocking reader thread" daemon [_thread_in_native, id=9264, stack(0x0000007d60500000,0x0000007d60600000)]
  0x0000023166324310 JavaThread "Thread-58" [_thread_blocked, id=26932, stack(0x0000007d5dc00000,0x0000007d5dd00000)]
  0x0000023166324cb0 JavaThread "restartedMain" [_thread_blocked, id=24528, stack(0x0000007d5e000000,0x0000007d5e100000)]
  0x000002316620d6f0 JavaThread "JLine terminal non blocking reader thread" daemon [_thread_in_native, id=2292, stack(0x0000007d60900000,0x0000007d60a00000)]
  0x000002316620e090 JavaThread "Thread-63" [_thread_blocked, id=14736, stack(0x0000007d5de00000,0x0000007d5df00000)]
  0x000002316620cd50 JavaThread "restartedMain" [_thread_blocked, id=13740, stack(0x0000007d5e300000,0x0000007d5e400000)]
  0x0000023166327800 JavaThread "JLine terminal non blocking reader thread" daemon [_thread_in_native, id=9732, stack(0x0000007d60c00000,0x0000007d60d00000)]
  0x0000023166327cd0 JavaThread "Thread-68" [_thread_blocked, id=15864, stack(0x0000007d60d00000,0x0000007d60e00000)]
  0x00000231663281a0 JavaThread "restartedMain" [_thread_blocked, id=30400, stack(0x0000007d5e200000,0x0000007d5e300000)]
  0x00000231662128c0 JavaThread "JLine terminal non blocking reader thread" daemon [_thread_in_native, id=20196, stack(0x0000007d60f00000,0x0000007d61000000)]
  0x000002316620ba10 JavaThread "Thread-73" [_thread_blocked, id=29364, stack(0x0000007d5e400000,0x0000007d5e500000)]
  0x000002316620e560 JavaThread "restartedMain" [_thread_blocked, id=23604, stack(0x0000007d5e500000,0x0000007d5e600000)]
  0x00000231663234a0 JavaThread "JLine terminal non blocking reader thread" daemon [_thread_in_native, id=12500, stack(0x0000007d61100000,0x0000007d61200000)]
  0x0000023166325b20 JavaThread "Thread-78" [_thread_blocked, id=14996, stack(0x0000007d5e600000,0x0000007d5e700000)]
  0x00000231663247e0 JavaThread "restartedMain" [_thread_blocked, id=14888, stack(0x0000007d5e700000,0x0000007d5e800000)]
  0x00000231667caf70 JavaThread "JLine terminal non blocking reader thread" daemon [_thread_in_native, id=23464, stack(0x0000007d61600000,0x0000007d61700000)]
  0x00000231667cb910 JavaThread "Thread-83" [_thread_blocked, id=14680, stack(0x0000007d5e800000,0x0000007d5e900000)]
  0x00000231667cb440 JavaThread "restartedMain" [_thread_blocked, id=11020, stack(0x0000007d5e900000,0x0000007d5ea00000)]
  0x0000023166210be0 JavaThread "JLine terminal non blocking reader thread" daemon [_thread_in_native, id=12248, stack(0x0000007d61800000,0x0000007d61900000)]
  0x0000023166211a50 JavaThread "Thread-88" [_thread_blocked, id=17256, stack(0x0000007d5ec00000,0x0000007d5ed00000)]
  0x000002316620fd70 JavaThread "restartedMain" [_thread_blocked, id=22568, stack(0x0000007d5ed00000,0x0000007d5ee00000)]
  0x00000231667cbde0 JavaThread "JLine terminal non blocking reader thread" daemon [_thread_in_native, id=17560, stack(0x0000007d61e00000,0x0000007d61f00000)]
  0x00000231667cd5f0 JavaThread "Thread-93" [_thread_blocked, id=13544, stack(0x0000007d5f000000,0x0000007d5f100000)]
  0x00000231663294e0 JavaThread "restartedMain" [_thread_blocked, id=22004, stack(0x0000007d5f100000,0x0000007d5f200000)]
  0x0000023166b1d020 JavaThread "JLine terminal non blocking reader thread" daemon [_thread_in_native, id=24972, stack(0x0000007d62100000,0x0000007d62200000)]
  0x0000023166b1d4f0 JavaThread "Thread-98" [_thread_blocked, id=15712, stack(0x0000007d5f400000,0x0000007d5f500000)]
  0x0000023166b1f1d0 JavaThread "restartedMain" [_thread_blocked, id=2544, stack(0x0000007d5f600000,0x0000007d5f700000)]
  0x0000023166b1ed00 JavaThread "cluster-ClusterId{value='64a62a9289e4e277d54b51a8', description='null'}-ac-e56uret-shard-00-02.gnzks3n.mongodb.net:27017" daemon [_thread_blocked, id=908, stack(0x0000007d5fa00000,0x0000007d5fb00000)]
  0x0000023166b23060 JavaThread "cluster-rtt-ClusterId{value='64a62a9289e4e277d54b51a8', description='null'}-ac-e56uret-shard-00-02.gnzks3n.mongodb.net:27017" daemon [_thread_blocked, id=24876, stack(0x0000007d5fb00000,0x0000007d5fc00000)]
  0x0000023166b1f6a0 JavaThread "cluster-ClusterId{value='64a62a9289e4e277d54b51a8', description='null'}-ac-e56uret-shard-00-01.gnzks3n.mongodb.net:27017" daemon [_thread_blocked, id=26544, stack(0x0000007d5fd00000,0x0000007d5fe00000)]
  0x0000023166b226c0 JavaThread "cluster-rtt-ClusterId{value='64a62a9289e4e277d54b51a8', description='null'}-ac-e56uret-shard-00-01.gnzks3n.mongodb.net:27017" daemon [_thread_blocked, id=14476, stack(0x0000007d5ff00000,0x0000007d60000000)]
  0x0000023166b24870 JavaThread "cluster-ClusterId{value='64a62a9289e4e277d54b51a8', description='null'}-ac-e56uret-shard-00-00.gnzks3n.mongodb.net:27017" daemon [_thread_blocked, id=11296, stack(0x0000007d60000000,0x0000007d60100000)]
  0x0000023166b1fb70 JavaThread "cluster-rtt-ClusterId{value='64a62a9289e4e277d54b51a8', description='null'}-ac-e56uret-shard-00-00.gnzks3n.mongodb.net:27017" daemon [_thread_blocked, id=7292, stack(0x0000007d60100000,0x0000007d60200000)]
  0x0000023166b209e0 JavaThread "Catalina-utility-1" [_thread_blocked, id=12796, stack(0x0000007d60300000,0x0000007d60400000)]
  0x0000023166b20040 JavaThread "Catalina-utility-2" [_thread_blocked, id=12764, stack(0x0000007d60600000,0x0000007d60700000)]
  0x0000023166b20eb0 JavaThread "container-1" [_thread_blocked, id=10284, stack(0x0000007d60700000,0x0000007d60800000)]
  0x0000023166b21380 JavaThread "File Watcher" daemon [_thread_blocked, id=30476, stack(0x0000007d60b00000,0x0000007d60c00000)]
  0x0000023166b21850 JavaThread "http-nio-8082-exec-1" daemon [_thread_blocked, id=12488, stack(0x0000007d60e00000,0x0000007d60f00000)]
  0x0000023166b21d20 JavaThread "http-nio-8082-exec-2" daemon [_thread_blocked, id=28724, stack(0x0000007d61000000,0x0000007d61100000)]
  0x0000023166b20510 JavaThread "http-nio-8082-exec-3" daemon [_thread_blocked, id=28388, stack(0x0000007d61200000,0x0000007d61300000)]
  0x0000023166b221f0 JavaThread "http-nio-8082-exec-4" daemon [_thread_blocked, id=12692, stack(0x0000007d61300000,0x0000007d61400000)]
  0x0000023166b22b90 JavaThread "http-nio-8082-exec-5" daemon [_thread_blocked, id=22800, stack(0x0000007d61400000,0x0000007d61500000)]
  0x0000023166b23530 JavaThread "http-nio-8082-exec-6" daemon [_thread_blocked, id=16020, stack(0x0000007d61500000,0x0000007d61600000)]
  0x0000023166b23a00 JavaThread "http-nio-8082-exec-7" daemon [_thread_blocked, id=26620, stack(0x0000007d61700000,0x0000007d61800000)]
  0x0000023166b23ed0 JavaThread "http-nio-8082-exec-8" daemon [_thread_blocked, id=23212, stack(0x0000007d61900000,0x0000007d61a00000)]
  0x0000023166b243a0 JavaThread "http-nio-8082-exec-9" daemon [_thread_blocked, id=3296, stack(0x0000007d61b00000,0x0000007d61c00000)]
  0x0000023166b1d9c0 JavaThread "http-nio-8082-exec-10" daemon [_thread_blocked, id=22212, stack(0x0000007d61c00000,0x0000007d61d00000)]
  0x0000023166b1de90 JavaThread "MaintenanceTimer-62-thread-1" daemon [_thread_blocked, id=11072, stack(0x0000007d61d00000,0x0000007d61e00000)]
  0x0000023166b1e360 JavaThread "MaintenanceTimer-63-thread-1" daemon [_thread_blocked, id=23204, stack(0x0000007d61f00000,0x0000007d62000000)]
  0x0000023166325180 JavaThread "http-nio-8082-Poller" daemon [_thread_blocked, id=21064, stack(0x0000007d62000000,0x0000007d62100000)]
  0x0000023166326e60 JavaThread "http-nio-8082-Acceptor" daemon [_thread_in_native, id=18108, stack(0x0000007d62200000,0x0000007d62300000)]
  0x0000023166329e80 JavaThread "JLine terminal non blocking reader thread" daemon [_thread_in_native, id=6548, stack(0x0000007d62300000,0x0000007d62400000)]
  0x00000231663299b0 JavaThread "MaintenanceTimer-64-thread-1" daemon [_thread_blocked, id=13572, stack(0x0000007d62400000,0x0000007d62500000)]

Other Threads:
=>0x0000023161c39010 VMThread "VM Thread" [stack: 0x0000007d5ac00000,0x0000007d5ad00000] [id=6096]
  0x0000023153433490 WatcherThread [stack: 0x0000007d5bc00000,0x0000007d5bd00000] [id=2532]
  0x000002315341bf40 GCTaskThread "GC Thread#0" [stack: 0x0000007d5a700000,0x0000007d5a800000] [id=21688]
  0x000002316339e9f0 GCTaskThread "GC Thread#1" [stack: 0x0000007d5c200000,0x0000007d5c300000] [id=21580]
  0x000002316346c0e0 GCTaskThread "GC Thread#2" [stack: 0x0000007d5c300000,0x0000007d5c400000] [id=4992]
  0x000002316346c390 GCTaskThread "GC Thread#3" [stack: 0x0000007d5c400000,0x0000007d5c500000] [id=17228]
  0x000002316346c640 GCTaskThread "GC Thread#4" [stack: 0x0000007d5c500000,0x0000007d5c600000] [id=3980]
  0x000002316346c8f0 GCTaskThread "GC Thread#5" [stack: 0x0000007d5c600000,0x0000007d5c700000] [id=16448]
  0x000002316346cba0 GCTaskThread "GC Thread#6" [stack: 0x0000007d5c700000,0x0000007d5c800000] [id=12436]
  0x000002316346ce50 GCTaskThread "GC Thread#7" [stack: 0x0000007d5c800000,0x0000007d5c900000] [id=3928]
  0x000002315342c590 ConcurrentGCThread "G1 Main Marker" [stack: 0x0000007d5a800000,0x0000007d5a900000] [id=30640]
  0x000002315342ceb0 ConcurrentGCThread "G1 Conc#0" [stack: 0x0000007d5a900000,0x0000007d5aa00000] [id=25768]
  0x00000231636416e0 ConcurrentGCThread "G1 Conc#1" [stack: 0x0000007d5cf00000,0x0000007d5d000000] [id=19992]
  0x000002315347d2d0 ConcurrentGCThread "G1 Refine#0" [stack: 0x0000007d5aa00000,0x0000007d5ab00000] [id=26892]
  0x0000023163422b70 ConcurrentGCThread "G1 Refine#1" [stack: 0x0000007d5c900000,0x0000007d5ca00000] [id=25416]
  0x0000023163440c20 ConcurrentGCThread "G1 Refine#2" [stack: 0x0000007d5ca00000,0x0000007d5cb00000] [id=14896]
  0x0000023161ee4500 ConcurrentGCThread "G1 Refine#3" [stack: 0x0000007d5cb00000,0x0000007d5cc00000] [id=14368]
  0x000002315347e9b0 ConcurrentGCThread "G1 Service" [stack: 0x0000007d5ab00000,0x0000007d5ac00000] [id=5508]

Threads with active compile tasks:

VM state: at safepoint (normal execution)

VM Mutex/Monitor currently owned by a thread:  ([mutex/lock_event])
[0x00000231533bc7e0] Threads_lock - owner thread: 0x0000023161c39010
[0x00000231533be130] Heap_lock - owner thread: 0x0000023166b21380

Heap address: 0x0000000084000000, size: 1984 MB, Compressed Oops mode: 32-bit

CDS archive(s) not mapped
Compressed class space mapped at: 0x0000000100000000-0x0000000140000000, reserved size: 1073741824
Narrow klass base: 0x0000000000000000, Narrow klass shift: 3, Narrow klass range: 0x140000000

GC Precious Log:
 CPUs: 8 total, 8 available
 Memory: 7932M
 Large Page Support: Disabled
 NUMA Support: Disabled
 Compressed Oops: Enabled (32-bit)
 Heap Region Size: 1M
 Heap Min Capacity: 8M
 Heap Initial Capacity: 124M
 Heap Max Capacity: 1984M
 Pre-touch: Disabled
 Parallel Workers: 8
 Concurrent Workers: 2
 Concurrent Refinement Workers: 8
 Periodic GC: Disabled

Heap:
 garbage-first heap   total 177152K, used 82402K [0x0000000084000000, 0x0000000100000000)
  region size 1024K, 1 young (1024K), 1 survivors (1024K)
 Metaspace       used 71226K, committed 72896K, reserved 1114112K
  class space    used 9299K, committed 10048K, reserved 1048576K

Heap Regions: E=young(eden), S=young(survivor), O=old, HS=humongous(starts), HC=humongous(continues), CS=collection set, F=free, OA=open archive, CA=closed archive, TAMS=top-at-mark-start (previous, next)
|   0|0x0000000084000000, 0x0000000084100000, 0x0000000084100000|100%|HS|  |TAMS 0x0000000084100000, 0x0000000084100000| Complete 
|   1|0x0000000084100000, 0x0000000084200000, 0x0000000084200000|100%| O|  |TAMS 0x0000000084200000, 0x0000000084200000| Untracked 
|   2|0x0000000084200000, 0x00000000842fffd0, 0x0000000084300000| 99%| O|  |TAMS 0x00000000842fffd0, 0x00000000842fffd0| Untracked 
|   3|0x0000000084300000, 0x00000000843ffff8, 0x0000000084400000| 99%| O|  |TAMS 0x00000000843ffff8, 0x00000000843ffff8| Untracked 
|   4|0x0000000084400000, 0x00000000844ffff0, 0x0000000084500000| 99%| O|  |TAMS 0x00000000844ffff0, 0x00000000844ffff0| Untracked 
|   5|0x0000000084500000, 0x0000000084600000, 0x0000000084600000|100%| O|  |TAMS 0x0000000084600000, 0x0000000084600000| Untracked 
|   6|0x0000000084600000, 0x00000000846fe610, 0x0000000084700000| 99%| O|  |TAMS 0x00000000846fe610, 0x00000000846fe610| Untracked 
|   7|0x0000000084700000, 0x00000000847fffb0, 0x0000000084800000| 99%| O|  |TAMS 0x00000000847fffb0, 0x00000000847fffb0| Untracked 
|   8|0x0000000084800000, 0x00000000848fffc0, 0x0000000084900000| 99%| O|  |TAMS 0x00000000848fffc0, 0x00000000848fffc0| Untracked 
|   9|0x0000000084900000, 0x0000000084a00000, 0x0000000084a00000|100%| O|  |TAMS 0x0000000084a00000, 0x0000000084a00000| Untracked 
|  10|0x0000000084a00000, 0x0000000084afffd0, 0x0000000084b00000| 99%| O|  |TAMS 0x0000000084afffd0, 0x0000000084afffd0| Untracked 
|  11|0x0000000084b00000, 0x0000000084bfffd0, 0x0000000084c00000| 99%| O|  |TAMS 0x0000000084bfffd0, 0x0000000084bfffd0| Untracked 
|  12|0x0000000084c00000, 0x0000000084cfffb8, 0x0000000084d00000| 99%| O|  |TAMS 0x0000000084cfffb8, 0x0000000084cfffb8| Untracked 
|  13|0x0000000084d00000, 0x0000000084e00000, 0x0000000084e00000|100%| O|  |TAMS 0x0000000084e00000, 0x0000000084e00000| Untracked 
|  14|0x0000000084e00000, 0x0000000084effff8, 0x0000000084f00000| 99%| O|  |TAMS 0x0000000084effff8, 0x0000000084effff8| Untracked 
|  15|0x0000000084f00000, 0x0000000085000000, 0x0000000085000000|100%| O|  |TAMS 0x0000000085000000, 0x0000000085000000| Untracked 
|  16|0x0000000085000000, 0x0000000085100000, 0x0000000085100000|100%| O|  |TAMS 0x0000000085100000, 0x0000000085100000| Untracked 
|  17|0x0000000085100000, 0x00000000851ffff0, 0x0000000085200000| 99%| O|  |TAMS 0x00000000851ffff0, 0x00000000851ffff0| Untracked 
|  18|0x0000000085200000, 0x00000000852fffd0, 0x0000000085300000| 99%| O|  |TAMS 0x00000000852fffd0, 0x00000000852fffd0| Untracked 
|  19|0x0000000085300000, 0x00000000853ffff8, 0x0000000085400000| 99%| O|  |TAMS 0x00000000853ffff8, 0x00000000853ffff8| Untracked 
|  20|0x0000000085400000, 0x00000000854fffb8, 0x0000000085500000| 99%| O|  |TAMS 0x00000000854fffb8, 0x00000000854fffb8| Untracked 
|  21|0x0000000085500000, 0x00000000855fffe8, 0x0000000085600000| 99%| O|  |TAMS 0x00000000855fffe8, 0x00000000855fffe8| Untracked 
|  22|0x0000000085600000, 0x00000000856ffff8, 0x0000000085700000| 99%| O|  |TAMS 0x00000000856ffff8, 0x00000000856ffff8| Untracked 
|  23|0x0000000085700000, 0x00000000857fffd8, 0x0000000085800000| 99%| O|  |TAMS 0x00000000857fffd8, 0x00000000857fffd8| Untracked 
|  24|0x0000000085800000, 0x0000000085900000, 0x0000000085900000|100%| O|  |TAMS 0x0000000085900000, 0x0000000085900000| Untracked 
|  25|0x0000000085900000, 0x00000000859fffd8, 0x0000000085a00000| 99%| O|  |TAMS 0x00000000859fffd8, 0x00000000859fffd8| Untracked 
|  26|0x0000000085a00000, 0x0000000085afffe8, 0x0000000085b00000| 99%| O|  |TAMS 0x0000000085afffe8, 0x0000000085afffe8| Untracked 
|  27|0x0000000085b00000, 0x0000000085bfffc0, 0x0000000085c00000| 99%| O|  |TAMS 0x0000000085bfffc0, 0x0000000085bfffc0| Untracked 
|  28|0x0000000085c00000, 0x0000000085cfffd0, 0x0000000085d00000| 99%| O|  |TAMS 0x0000000085cfffd0, 0x0000000085cfffd0| Untracked 
|  29|0x0000000085d00000, 0x0000000085e00000, 0x0000000085e00000|100%| O|  |TAMS 0x0000000085e00000, 0x0000000085e00000| Untracked 
|  30|0x0000000085e00000, 0x0000000085f00000, 0x0000000085f00000|100%| O|  |TAMS 0x0000000085f00000, 0x0000000085f00000| Untracked 
|  31|0x0000000085f00000, 0x0000000086000000, 0x0000000086000000|100%| O|  |TAMS 0x0000000086000000, 0x0000000086000000| Untracked 
|  32|0x0000000086000000, 0x00000000860ffff0, 0x0000000086100000| 99%| O|  |TAMS 0x00000000860ffff0, 0x00000000860ffff0| Untracked 
|  33|0x0000000086100000, 0x00000000861fffd0, 0x0000000086200000| 99%| O|  |TAMS 0x00000000861fffd0, 0x00000000861fffd0| Untracked 
|  34|0x0000000086200000, 0x0000000086300000, 0x0000000086300000|100%| O|  |TAMS 0x0000000086300000, 0x0000000086300000| Untracked 
|  35|0x0000000086300000, 0x00000000863fffe0, 0x0000000086400000| 99%| O|  |TAMS 0x00000000863fffe0, 0x00000000863fffe0| Untracked 
|  36|0x0000000086400000, 0x00000000864ffff0, 0x0000000086500000| 99%| O|  |TAMS 0x00000000864ffff0, 0x00000000864ffff0| Untracked 
|  37|0x0000000086500000, 0x00000000865fd9d0, 0x0000000086600000| 99%| O|  |TAMS 0x00000000865fd9d0, 0x00000000865fd9d0| Untracked 
|  38|0x0000000086600000, 0x00000000866ffff8, 0x0000000086700000| 99%| O|  |TAMS 0x00000000866ffff8, 0x00000000866ffff8| Untracked 
|  39|0x0000000086700000, 0x0000000086800000, 0x0000000086800000|100%| O|  |TAMS 0x0000000086800000, 0x0000000086800000| Untracked 
|  40|0x0000000086800000, 0x00000000868fff90, 0x0000000086900000| 99%| O|  |TAMS 0x00000000868fff90, 0x00000000868fff90| Untracked 
|  41|0x0000000086900000, 0x00000000869ffff8, 0x0000000086a00000| 99%| O|  |TAMS 0x00000000869ffff8, 0x00000000869ffff8| Untracked 
|  42|0x0000000086a00000, 0x0000000086afffe0, 0x0000000086b00000| 99%| O|  |TAMS 0x0000000086afffe0, 0x0000000086afffe0| Untracked 
|  43|0x0000000086b00000, 0x0000000086bffeb8, 0x0000000086c00000| 99%| O|  |TAMS 0x0000000086bffeb8, 0x0000000086bffeb8| Untracked 
|  44|0x0000000086c00000, 0x0000000086cffff8, 0x0000000086d00000| 99%| O|  |TAMS 0x0000000086cffff8, 0x0000000086cffff8| Untracked 
|  45|0x0000000086d00000, 0x0000000086e00000, 0x0000000086e00000|100%| O|  |TAMS 0x0000000086e00000, 0x0000000086e00000| Untracked 
|  46|0x0000000086e00000, 0x0000000086efffe0, 0x0000000086f00000| 99%| O|  |TAMS 0x0000000086efffe0, 0x0000000086efffe0| Untracked 
|  47|0x0000000086f00000, 0x0000000086ffffd0, 0x0000000087000000| 99%| O|  |TAMS 0x0000000086ffffd0, 0x0000000086ffffd0| Untracked 
|  48|0x0000000087000000, 0x00000000870ffff8, 0x0000000087100000| 99%| O|  |TAMS 0x00000000870ffff8, 0x00000000870ffff8| Untracked 
|  49|0x0000000087100000, 0x00000000871ffff8, 0x0000000087200000| 99%| O|  |TAMS 0x00000000871ffff8, 0x00000000871ffff8| Untracked 
|  50|0x0000000087200000, 0x0000000087300000, 0x0000000087300000|100%| O|  |TAMS 0x0000000087300000, 0x0000000087300000| Untracked 
|  51|0x0000000087300000, 0x00000000873fffd8, 0x0000000087400000| 99%| O|  |TAMS 0x00000000873fffd8, 0x00000000873fffd8| Untracked 
|  52|0x0000000087400000, 0x00000000874ffff8, 0x0000000087500000| 99%| O|  |TAMS 0x00000000874ffff8, 0x00000000874ffff8| Untracked 
|  53|0x0000000087500000, 0x00000000875ffff0, 0x0000000087600000| 99%| O|  |TAMS 0x00000000875ffff0, 0x00000000875ffff0| Untracked 
|  54|0x0000000087600000, 0x00000000876fffd8, 0x0000000087700000| 99%| O|  |TAMS 0x00000000876fffd8, 0x00000000876fffd8| Untracked 
|  55|0x0000000087700000, 0x00000000877ffff0, 0x0000000087800000| 99%| O|  |TAMS 0x00000000877ffff0, 0x00000000877ffff0| Untracked 
|  56|0x0000000087800000, 0x00000000878fffe8, 0x0000000087900000| 99%| O|  |TAMS 0x00000000878fffe8, 0x00000000878fffe8| Untracked 
|  57|0x0000000087900000, 0x00000000879fffd8, 0x0000000087a00000| 99%| O|  |TAMS 0x00000000879fffd8, 0x00000000879fffd8| Untracked 
|  58|0x0000000087a00000, 0x0000000087afff58, 0x0000000087b00000| 99%| O|  |TAMS 0x0000000087afff58, 0x0000000087afff58| Untracked 
|  59|0x0000000087b00000, 0x0000000087c00000, 0x0000000087c00000|100%| O|  |TAMS 0x0000000087c00000, 0x0000000087c00000| Untracked 
|  60|0x0000000087c00000, 0x0000000087cfffd0, 0x0000000087d00000| 99%| O|  |TAMS 0x0000000087cfffd0, 0x0000000087cfffd0| Untracked 
|  61|0x0000000087d00000, 0x0000000087dfffd0, 0x0000000087e00000| 99%| O|  |TAMS 0x0000000087dfffd0, 0x0000000087dfffd0| Untracked 
|  62|0x0000000087e00000, 0x0000000087efffe0, 0x0000000087f00000| 99%| O|  |TAMS 0x0000000087efffe0, 0x0000000087efffe0| Untracked 
|  63|0x0000000087f00000, 0x0000000087ffff58, 0x0000000088000000| 99%| O|  |TAMS 0x0000000087ffff58, 0x0000000087ffff58| Untracked 
|  64|0x0000000088000000, 0x0000000088100000, 0x0000000088100000|100%| O|  |TAMS 0x0000000088100000, 0x0000000088100000| Untracked 
|  65|0x0000000088100000, 0x0000000088200000, 0x0000000088200000|100%| O|  |TAMS 0x0000000088200000, 0x0000000088200000| Untracked 
|  66|0x0000000088200000, 0x00000000882ff990, 0x0000000088300000| 99%| O|  |TAMS 0x00000000882ff990, 0x00000000882ff990| Untracked 
|  67|0x0000000088300000, 0x00000000883ffff8, 0x0000000088400000| 99%| O|  |TAMS 0x00000000883ffff8, 0x00000000883ffff8| Untracked 
|  68|0x0000000088400000, 0x00000000884ffff8, 0x0000000088500000| 99%| O|  |TAMS 0x00000000884ffff8, 0x00000000884ffff8| Untracked 
|  69|0x0000000088500000, 0x00000000885fffe0, 0x0000000088600000| 99%| O|  |TAMS 0x00000000885fffe0, 0x00000000885fffe0| Untracked 
|  70|0x0000000088600000, 0x00000000886fffe8, 0x0000000088700000| 99%| O|  |TAMS 0x00000000886fffe8, 0x00000000886fffe8| Untracked 
|  71|0x0000000088700000, 0x00000000887fffd8, 0x0000000088800000| 99%| O|  |TAMS 0x00000000887fffd8, 0x00000000887fffd8| Untracked 
|  72|0x0000000088800000, 0x0000000088899200, 0x0000000088900000| 59%| O|  |TAMS 0x0000000088800000, 0x0000000088899200| Untracked 
|  73|0x0000000088900000, 0x0000000088900000, 0x0000000088a00000|  0%| F|  |TAMS 0x0000000088900000, 0x0000000088900000| Untracked 
|  74|0x0000000088a00000, 0x0000000088b00000, 0x0000000088b00000|100%| O|  |TAMS 0x0000000088b00000, 0x0000000088b00000| Untracked 
|  75|0x0000000088b00000, 0x0000000088b00000, 0x0000000088c00000|  0%| F|  |TAMS 0x0000000088b00000, 0x0000000088b00000| Untracked 
|  76|0x0000000088c00000, 0x0000000088d00000, 0x0000000088d00000|100%| O|  |TAMS 0x0000000088d00000, 0x0000000088d00000| Untracked 
|  77|0x0000000088d00000, 0x0000000088e00000, 0x0000000088e00000|100%| O|  |TAMS 0x0000000088e00000, 0x0000000088e00000| Untracked 
|  78|0x0000000088e00000, 0x0000000088f00000, 0x0000000088f00000|100%| O|  |TAMS 0x0000000088f00000, 0x0000000088f00000| Untracked 
|  79|0x0000000088f00000, 0x0000000089000000, 0x0000000089000000|100%| O|  |TAMS 0x0000000089000000, 0x0000000089000000| Untracked 
|  80|0x0000000089000000, 0x0000000089100000, 0x0000000089100000|100%| O|  |TAMS 0x0000000089100000, 0x0000000089100000| Untracked 
|  81|0x0000000089100000, 0x0000000089200000, 0x0000000089200000|100%| O|  |TAMS 0x000000008919ba00, 0x0000000089200000| Untracked 
|  82|0x0000000089200000, 0x0000000089200000, 0x0000000089300000|  0%| F|  |TAMS 0x0000000089200000, 0x0000000089200000| Untracked 
|  83|0x0000000089300000, 0x0000000089300000, 0x0000000089400000|  0%| F|  |TAMS 0x0000000089300000, 0x0000000089300000| Untracked 
|  84|0x0000000089400000, 0x0000000089400000, 0x0000000089500000|  0%| F|  |TAMS 0x0000000089400000, 0x0000000089400000| Untracked 
|  85|0x0000000089500000, 0x0000000089500000, 0x0000000089600000|  0%| F|  |TAMS 0x0000000089500000, 0x0000000089500000| Untracked 
|  86|0x0000000089600000, 0x0000000089600000, 0x0000000089700000|  0%| F|  |TAMS 0x0000000089600000, 0x0000000089600000| Untracked 
|  87|0x0000000089700000, 0x0000000089700000, 0x0000000089800000|  0%| F|  |TAMS 0x0000000089700000, 0x0000000089700000| Untracked 
|  88|0x0000000089800000, 0x0000000089800000, 0x0000000089900000|  0%| F|  |TAMS 0x0000000089800000, 0x0000000089800000| Untracked 
|  89|0x0000000089900000, 0x0000000089900000, 0x0000000089a00000|  0%| F|  |TAMS 0x0000000089900000, 0x0000000089900000| Untracked 
|  90|0x0000000089a00000, 0x0000000089a00000, 0x0000000089b00000|  0%| F|  |TAMS 0x0000000089a00000, 0x0000000089a00000| Untracked 
|  91|0x0000000089b00000, 0x0000000089b00000, 0x0000000089c00000|  0%| F|  |TAMS 0x0000000089b00000, 0x0000000089b00000| Untracked 
|  92|0x0000000089c00000, 0x0000000089c00000, 0x0000000089d00000|  0%| F|  |TAMS 0x0000000089c00000, 0x0000000089c00000| Untracked 
|  93|0x0000000089d00000, 0x0000000089d00000, 0x0000000089e00000|  0%| F|  |TAMS 0x0000000089d00000, 0x0000000089d00000| Untracked 
|  94|0x0000000089e00000, 0x0000000089e00000, 0x0000000089f00000|  0%| F|  |TAMS 0x0000000089e00000, 0x0000000089e00000| Untracked 
|  95|0x0000000089f00000, 0x0000000089f00000, 0x000000008a000000|  0%| F|  |TAMS 0x0000000089f00000, 0x0000000089f00000| Untracked 
|  96|0x000000008a000000, 0x000000008a09b560, 0x000000008a100000| 60%| O|  |TAMS 0x000000008a09b560, 0x000000008a09b560| Untracked 
|  97|0x000000008a100000, 0x000000008a100000, 0x000000008a200000|  0%| F|  |TAMS 0x000000008a100000, 0x000000008a100000| Untracked 
|  98|0x000000008a200000, 0x000000008a200000, 0x000000008a300000|  0%| F|  |TAMS 0x000000008a200000, 0x000000008a200000| Untracked 
|  99|0x000000008a300000, 0x000000008a300000, 0x000000008a400000|  0%| F|  |TAMS 0x000000008a300000, 0x000000008a300000| Untracked 
| 100|0x000000008a400000, 0x000000008a400000, 0x000000008a500000|  0%| F|  |TAMS 0x000000008a400000, 0x000000008a400000| Untracked 
| 101|0x000000008a500000, 0x000000008a500000, 0x000000008a600000|  0%| F|  |TAMS 0x000000008a500000, 0x000000008a500000| Untracked 
| 102|0x000000008a600000, 0x000000008a600000, 0x000000008a700000|  0%| F|  |TAMS 0x000000008a600000, 0x000000008a600000| Untracked 
| 103|0x000000008a700000, 0x000000008a700000, 0x000000008a800000|  0%| F|  |TAMS 0x000000008a700000, 0x000000008a700000| Untracked 
| 104|0x000000008a800000, 0x000000008a800000, 0x000000008a900000|  0%| F|  |TAMS 0x000000008a800000, 0x000000008a800000| Untracked 
| 105|0x000000008a900000, 0x000000008a900000, 0x000000008aa00000|  0%| F|  |TAMS 0x000000008a900000, 0x000000008a900000| Untracked 
| 106|0x000000008aa00000, 0x000000008aa00000, 0x000000008ab00000|  0%| F|  |TAMS 0x000000008aa00000, 0x000000008aa00000| Untracked 
| 107|0x000000008ab00000, 0x000000008ab00000, 0x000000008ac00000|  0%| F|  |TAMS 0x000000008ab00000, 0x000000008ab00000| Untracked 
| 108|0x000000008ac00000, 0x000000008ac00000, 0x000000008ad00000|  0%| F|  |TAMS 0x000000008ac00000, 0x000000008ac00000| Untracked 
| 109|0x000000008ad00000, 0x000000008ad00000, 0x000000008ae00000|  0%| F|  |TAMS 0x000000008ad00000, 0x000000008ad00000| Untracked 
| 110|0x000000008ae00000, 0x000000008ae00000, 0x000000008af00000|  0%| F|  |TAMS 0x000000008ae00000, 0x000000008ae00000| Untracked 
| 111|0x000000008af00000, 0x000000008af00000, 0x000000008b000000|  0%| F|  |TAMS 0x000000008af00000, 0x000000008af00000| Untracked 
| 112|0x000000008b000000, 0x000000008b000000, 0x000000008b100000|  0%| F|  |TAMS 0x000000008b000000, 0x000000008b000000| Untracked 
| 113|0x000000008b100000, 0x000000008b100000, 0x000000008b200000|  0%| F|  |TAMS 0x000000008b100000, 0x000000008b100000| Untracked 
| 114|0x000000008b200000, 0x000000008b200000, 0x000000008b300000|  0%| F|  |TAMS 0x000000008b200000, 0x000000008b200000| Untracked 
| 115|0x000000008b300000, 0x000000008b300000, 0x000000008b400000|  0%| F|  |TAMS 0x000000008b300000, 0x000000008b300000| Untracked 
| 116|0x000000008b400000, 0x000000008b400000, 0x000000008b500000|  0%| F|  |TAMS 0x000000008b400000, 0x000000008b400000| Untracked 
| 117|0x000000008b500000, 0x000000008b500000, 0x000000008b600000|  0%| F|  |TAMS 0x000000008b500000, 0x000000008b500000| Untracked 
| 118|0x000000008b600000, 0x000000008b600000, 0x000000008b700000|  0%| F|  |TAMS 0x000000008b600000, 0x000000008b600000| Untracked 
| 119|0x000000008b700000, 0x000000008b700000, 0x000000008b800000|  0%| F|  |TAMS 0x000000008b700000, 0x000000008b700000| Untracked 
| 120|0x000000008b800000, 0x000000008b800000, 0x000000008b900000|  0%| F|  |TAMS 0x000000008b800000, 0x000000008b800000| Untracked 
| 121|0x000000008b900000, 0x000000008b900000, 0x000000008ba00000|  0%| F|  |TAMS 0x000000008b900000, 0x000000008b900000| Untracked 
| 122|0x000000008ba00000, 0x000000008ba00000, 0x000000008bb00000|  0%| F|  |TAMS 0x000000008ba00000, 0x000000008ba00000| Untracked 
| 123|0x000000008bb00000, 0x000000008bb00000, 0x000000008bc00000|  0%| F|  |TAMS 0x000000008bb00000, 0x000000008bb00000| Untracked 
| 124|0x000000008bc00000, 0x000000008bc00000, 0x000000008bd00000|  0%| F|  |TAMS 0x000000008bc00000, 0x000000008bc00000| Untracked 
| 125|0x000000008bd00000, 0x000000008bd00000, 0x000000008be00000|  0%| F|  |TAMS 0x000000008bd00000, 0x000000008bd00000| Untracked 
| 126|0x000000008be00000, 0x000000008be00000, 0x000000008bf00000|  0%| F|  |TAMS 0x000000008be00000, 0x000000008be00000| Untracked 
| 127|0x000000008bf00000, 0x000000008bf00000, 0x000000008c000000|  0%| F|  |TAMS 0x000000008bf00000, 0x000000008bf00000| Untracked 
| 128|0x000000008c000000, 0x000000008c000000, 0x000000008c100000|  0%| F|  |TAMS 0x000000008c000000, 0x000000008c000000| Untracked 
| 129|0x000000008c100000, 0x000000008c100000, 0x000000008c200000|  0%| F|  |TAMS 0x000000008c100000, 0x000000008c100000| Untracked 
| 130|0x000000008c200000, 0x000000008c200000, 0x000000008c300000|  0%| F|  |TAMS 0x000000008c200000, 0x000000008c200000| Untracked 
| 131|0x000000008c300000, 0x000000008c300000, 0x000000008c400000|  0%| F|  |TAMS 0x000000008c300000, 0x000000008c300000| Untracked 
| 132|0x000000008c400000, 0x000000008c400000, 0x000000008c500000|  0%| F|  |TAMS 0x000000008c400000, 0x000000008c400000| Untracked 
| 133|0x000000008c500000, 0x000000008c500000, 0x000000008c600000|  0%| F|  |TAMS 0x000000008c500000, 0x000000008c500000| Untracked 
| 134|0x000000008c600000, 0x000000008c600000, 0x000000008c700000|  0%| F|  |TAMS 0x000000008c600000, 0x000000008c600000| Untracked 
| 135|0x000000008c700000, 0x000000008c700000, 0x000000008c800000|  0%| F|  |TAMS 0x000000008c700000, 0x000000008c700000| Untracked 
| 136|0x000000008c800000, 0x000000008c800000, 0x000000008c900000|  0%| F|  |TAMS 0x000000008c800000, 0x000000008c800000| Untracked 
| 137|0x000000008c900000, 0x000000008c900000, 0x000000008ca00000|  0%| F|  |TAMS 0x000000008c900000, 0x000000008c900000| Untracked 
| 138|0x000000008ca00000, 0x000000008ca00000, 0x000000008cb00000|  0%| F|  |TAMS 0x000000008ca00000, 0x000000008ca00000| Untracked 
| 139|0x000000008cb00000, 0x000000008cb00000, 0x000000008cc00000|  0%| F|  |TAMS 0x000000008cb00000, 0x000000008cb00000| Untracked 
| 140|0x000000008cc00000, 0x000000008cc00000, 0x000000008cd00000|  0%| F|  |TAMS 0x000000008cc00000, 0x000000008cc00000| Untracked 
| 141|0x000000008cd00000, 0x000000008cd00000, 0x000000008ce00000|  0%| F|  |TAMS 0x000000008cd00000, 0x000000008cd00000| Untracked 
| 142|0x000000008ce00000, 0x000000008ce00000, 0x000000008cf00000|  0%| F|  |TAMS 0x000000008ce00000, 0x000000008ce00000| Untracked 
| 143|0x000000008cf00000, 0x000000008cf00000, 0x000000008d000000|  0%| F|  |TAMS 0x000000008cf00000, 0x000000008cf00000| Untracked 
| 144|0x000000008d000000, 0x000000008d000000, 0x000000008d100000|  0%| F|  |TAMS 0x000000008d000000, 0x000000008d000000| Untracked 
| 145|0x000000008d100000, 0x000000008d100000, 0x000000008d200000|  0%| F|  |TAMS 0x000000008d100000, 0x000000008d100000| Untracked 
| 146|0x000000008d200000, 0x000000008d200000, 0x000000008d300000|  0%| F|  |TAMS 0x000000008d200000, 0x000000008d200000| Untracked 
| 147|0x000000008d300000, 0x000000008d300000, 0x000000008d400000|  0%| F|  |TAMS 0x000000008d300000, 0x000000008d300000| Untracked 
| 148|0x000000008d400000, 0x000000008d400000, 0x000000008d500000|  0%| F|  |TAMS 0x000000008d400000, 0x000000008d400000| Untracked 
| 149|0x000000008d500000, 0x000000008d500000, 0x000000008d600000|  0%| F|  |TAMS 0x000000008d500000, 0x000000008d500000| Untracked 
| 150|0x000000008d600000, 0x000000008d600000, 0x000000008d700000|  0%| F|  |TAMS 0x000000008d600000, 0x000000008d600000| Untracked 
| 151|0x000000008d700000, 0x000000008d700000, 0x000000008d800000|  0%| F|  |TAMS 0x000000008d700000, 0x000000008d700000| Untracked 
| 152|0x000000008d800000, 0x000000008d800000, 0x000000008d900000|  0%| F|  |TAMS 0x000000008d800000, 0x000000008d800000| Untracked 
| 153|0x000000008d900000, 0x000000008d900000, 0x000000008da00000|  0%| F|  |TAMS 0x000000008d900000, 0x000000008d900000| Untracked 
| 154|0x000000008da00000, 0x000000008da00000, 0x000000008db00000|  0%| F|  |TAMS 0x000000008da00000, 0x000000008da00000| Untracked 
| 155|0x000000008db00000, 0x000000008db00000, 0x000000008dc00000|  0%| F|  |TAMS 0x000000008db00000, 0x000000008db00000| Untracked 
| 156|0x000000008dc00000, 0x000000008dc00000, 0x000000008dd00000|  0%| F|  |TAMS 0x000000008dc00000, 0x000000008dc00000| Untracked 
| 157|0x000000008dd00000, 0x000000008dd00000, 0x000000008de00000|  0%| F|  |TAMS 0x000000008dd00000, 0x000000008dd00000| Untracked 
| 158|0x000000008de00000, 0x000000008de49138, 0x000000008df00000| 28%| S|CS|TAMS 0x000000008de00000, 0x000000008de00000| Complete 
| 159|0x000000008df00000, 0x000000008df00000, 0x000000008e000000|  0%| F|  |TAMS 0x000000008df00000, 0x000000008df00000| Untracked 
| 160|0x000000008e000000, 0x000000008e000000, 0x000000008e100000|  0%| F|  |TAMS 0x000000008e000000, 0x000000008e000000| Untracked 
| 161|0x000000008e100000, 0x000000008e100000, 0x000000008e200000|  0%| F|  |TAMS 0x000000008e100000, 0x000000008e100000| Untracked 
| 162|0x000000008e200000, 0x000000008e200000, 0x000000008e300000|  0%| F|  |TAMS 0x000000008e200000, 0x000000008e200000| Untracked 
| 163|0x000000008e300000, 0x000000008e300000, 0x000000008e400000|  0%| F|  |TAMS 0x000000008e300000, 0x000000008e300000| Untracked 
| 164|0x000000008e400000, 0x000000008e400000, 0x000000008e500000|  0%| F|  |TAMS 0x000000008e400000, 0x000000008e400000| Untracked 
| 165|0x000000008e500000, 0x000000008e500000, 0x000000008e600000|  0%| F|  |TAMS 0x000000008e500000, 0x000000008e500000| Untracked 
| 166|0x000000008e600000, 0x000000008e600000, 0x000000008e700000|  0%| F|  |TAMS 0x000000008e600000, 0x000000008e600000| Untracked 
| 167|0x000000008e700000, 0x000000008e700000, 0x000000008e800000|  0%| F|  |TAMS 0x000000008e700000, 0x000000008e700000| Untracked 
| 168|0x000000008e800000, 0x000000008e800000, 0x000000008e900000|  0%| F|  |TAMS 0x000000008e800000, 0x000000008e800000| Untracked 
| 169|0x000000008e900000, 0x000000008e900000, 0x000000008ea00000|  0%| F|  |TAMS 0x000000008e900000, 0x000000008e900000| Untracked 
| 170|0x000000008ea00000, 0x000000008ea00000, 0x000000008eb00000|  0%| F|  |TAMS 0x000000008ea00000, 0x000000008ea00000| Untracked 
| 171|0x000000008eb00000, 0x000000008eb00000, 0x000000008ec00000|  0%| F|  |TAMS 0x000000008eb00000, 0x000000008eb00000| Untracked 
| 172|0x000000008ec00000, 0x000000008ec00000, 0x000000008ed00000|  0%| F|  |TAMS 0x000000008ec00000, 0x000000008ec00000| Untracked 

Card table byte_map: [0x0000023159f50000,0x000002315a330000] _byte_map_base: 0x0000023159b30000

Marking Bits (Prev, Next): (CMBitMap*) 0x000002315341c460, (CMBitMap*) 0x000002315341c4a0
 Prev Bits: [0x000002315a710000, 0x000002315c610000)
 Next Bits: [0x000002315c610000, 0x000002315e510000)

Polling page: 0x0000023152b80000

Metaspace:

Usage:
  Non-class:     60.48 MB used.
      Class:      9.08 MB used.
       Both:     69.56 MB used.

Virtual space:
  Non-class space:       64.00 MB reserved,      61.38 MB ( 96%) committed,  8 nodes.
      Class space:        1.00 GB reserved,       9.81 MB ( <1%) committed,  1 nodes.
             Both:        1.06 GB reserved,      71.19 MB (  7%) committed. 

Chunk freelists:
   Non-Class:  2.02 MB
       Class:  2.13 MB
        Both:  4.15 MB

MaxMetaspaceSize: unlimited
CompressedClassSpaceSize: 1.00 GB
Initial GC threshold: 21.00 MB
Current GC threshold: 118.69 MB
CDS: off
MetaspaceReclaimPolicy: balanced
 - commit_granule_bytes: 65536.
 - commit_granule_words: 8192.
 - virtual_space_node_default_size: 1048576.
 - enlarge_chunks_in_place: 1.
 - new_chunks_are_fully_committed: 0.
 - uncommit_free_chunks: 1.
 - use_allocation_guard: 0.
 - handle_deallocations: 1.


Internal statistics:

num_allocs_failed_limit: 6.
num_arena_births: 2906.
num_arena_deaths: 922.
num_vsnodes_births: 9.
num_vsnodes_deaths: 0.
num_space_committed: 1143.
num_space_uncommitted: 4.
num_chunks_returned_to_freelist: 1293.
num_chunks_taken_from_freelist: 6174.
num_chunk_merges: 287.
num_chunk_splits: 3032.
num_chunks_enlarged: 1436.
num_purges: 68.
num_inconsistent_stats: 0.

CodeCache: size=49152Kb used=26381Kb max_used=28043Kb free=22770Kb
 bounds [0x0000023156a60000, 0x00000231585d0000, 0x0000023159a60000]
 total_blobs=15315 nmethods=14685 adapters=556
 compilation: enabled
              stopped_count=0, restarted_count=0
 full_count=0

Compilation events (20 events):
Event: 8298.061 Thread 0x0000023166abcb30 nmethod 14680 0x00000231585c3010 code [0x00000231585c31a0, 0x00000231585c32b8]
Event: 8298.061 Thread 0x0000023166abd040 14681   !   1       com.mongodb.client.internal.FindIterableImpl::first (91 bytes)
Event: 8298.061 Thread 0x0000023166abcb30 14682       1       com.mongodb.internal.operation.SyncOperations::findFirst (11 bytes)
Event: 8298.061 Thread 0x0000023166abcb30 nmethod 14682 0x00000231585c2c90 code [0x00000231585c2e20, 0x00000231585c2f48]
Event: 8298.061 Thread 0x0000023166abcb30 14683       1       com.mongodb.internal.operation.Operations::findFirst (20 bytes)
Event: 8298.061 Thread 0x0000023166abcb30 nmethod 14683 0x00000231585c2910 code [0x00000231585c2aa0, 0x00000231585c2ba8]
Event: 8298.061 Thread 0x0000023166abcb30 14684       1       com.mongodb.client.model.Filters$SimpleEncodingFilter::toBsonDocument (45 bytes)
Event: 8298.061 Thread 0x0000023161c65010 nmethod 14674 0x00000231585c1790 code [0x00000231585c1a00, 0x00000231585c2328]
Event: 8298.061 Thread 0x0000023161c65010 14685       1       com.mongodb.client.model.BuildersHelper::encodeValue (77 bytes)
Event: 8298.062 Thread 0x0000023166abcb30 nmethod 14684 0x00000231585c0d90 code [0x00000231585c0f80, 0x00000231585c15a8]
Event: 8298.062 Thread 0x0000023166abcb30 14686       1       org.bson.codecs.ObjectIdCodec::encode (11 bytes)
Event: 8298.062 Thread 0x0000023166abcb30 nmethod 14686 0x00000231585c0a10 code [0x00000231585c0ba0, 0x00000231585c0cc8]
Event: 8298.062 Thread 0x0000023166abcb30 14687       1       org.bson.codecs.ObjectIdCodec::encode (8 bytes)
Event: 8298.062 Thread 0x0000023166abcb30 nmethod 14687 0x00000231585c0710 code [0x00000231585c08a0, 0x00000231585c0988]
Event: 8298.062 Thread 0x0000023166abcb30 14688       1       org.bson.BsonDocumentWriter::doWriteObjectId (13 bytes)
Event: 8298.062 Thread 0x0000023161c65010 nmethod 14685 0x00000231585bf910 code [0x00000231585bfb60, 0x00000231585c0348]
Event: 8298.062 Thread 0x0000023166abd040 nmethod 14681 0x00000231585be590 code [0x00000231585be820, 0x00000231585beff8]
Event: 8298.062 Thread 0x0000023166abcb30 nmethod 14688 0x00000231585be010 code [0x00000231585be1c0, 0x00000231585be438]
Event: 8322.634 Thread 0x0000023161c65010 14689   !   1       java.nio.channels.spi.AbstractSelectableChannel::implCloseChannel (82 bytes)
Event: 8322.634 Thread 0x0000023161c65010 nmethod 14689 0x000002315830f610 code [0x000002315830f7e0, 0x000002315830faa8]

GC Heap History (20 events):
Event: 7684.236 GC heap after
{Heap after GC invocations=159 (full 19):
 garbage-first heap   total 143360K, used 75835K [0x0000000084000000, 0x0000000100000000)
  region size 1024K, 0 young (0K), 0 survivors (0K)
 Metaspace       used 70884K, committed 72384K, reserved 1114112K
  class space    used 9272K, committed 9984K, reserved 1048576K
}
Event: 7684.570 GC heap before
{Heap before GC invocations=159 (full 19):
 garbage-first heap   total 143360K, used 117819K [0x0000000084000000, 0x0000000100000000)
  region size 1024K, 41 young (41984K), 0 survivors (0K)
 Metaspace       used 71079K, committed 72576K, reserved 1114112K
  class space    used 9295K, committed 9984K, reserved 1048576K
}
Event: 7684.573 GC heap after
{Heap after GC invocations=160 (full 19):
 garbage-first heap   total 143360K, used 78907K [0x0000000084000000, 0x0000000100000000)
  region size 1024K, 3 young (3072K), 3 survivors (3072K)
 Metaspace       used 71079K, committed 72576K, reserved 1114112K
  class space    used 9295K, committed 9984K, reserved 1048576K
}
Event: 7685.027 GC heap before
{Heap before GC invocations=161 (full 19):
 garbage-first heap   total 147456K, used 117819K [0x0000000084000000, 0x0000000100000000)
  region size 1024K, 41 young (41984K), 3 survivors (3072K)
 Metaspace       used 71230K, committed 72768K, reserved 1114112K
  class space    used 9303K, committed 10048K, reserved 1048576K
}
Event: 7685.031 GC heap after
{Heap after GC invocations=162 (full 19):
 garbage-first heap   total 147456K, used 81449K [0x0000000084000000, 0x0000000100000000)
  region size 1024K, 6 young (6144K), 6 survivors (6144K)
 Metaspace       used 71230K, committed 72768K, reserved 1114112K
  class space    used 9303K, committed 10048K, reserved 1048576K
}
Event: 7685.038 GC heap before
{Heap before GC invocations=162 (full 19):
 garbage-first heap   total 147456K, used 82473K [0x0000000084000000, 0x0000000100000000)
  region size 1024K, 7 young (7168K), 6 survivors (6144K)
 Metaspace       used 71230K, committed 72768K, reserved 1114112K
  class space    used 9303K, committed 10048K, reserved 1048576K
}
Event: 7685.042 GC heap after
{Heap after GC invocations=163 (full 19):
 garbage-first heap   total 177152K, used 82150K [0x0000000084000000, 0x0000000100000000)
  region size 1024K, 1 young (1024K), 1 survivors (1024K)
 Metaspace       used 71230K, committed 72768K, reserved 1114112K
  class space    used 9303K, committed 10048K, reserved 1048576K
}
Event: 7921.424 GC heap before
{Heap before GC invocations=163 (full 19):
 garbage-first heap   total 177152K, used 144614K [0x0000000084000000, 0x0000000100000000)
  region size 1024K, 62 young (63488K), 1 survivors (1024K)
 Metaspace       used 71320K, committed 72896K, reserved 1114112K
  class space    used 9316K, committed 10048K, reserved 1048576K
}
Event: 7921.428 GC heap after
{Heap after GC invocations=164 (full 19):
 garbage-first heap   total 177152K, used 83265K [0x0000000084000000, 0x0000000100000000)
  region size 1024K, 3 young (3072K), 3 survivors (3072K)
 Metaspace       used 71320K, committed 72896K, reserved 1114112K
  class space    used 9316K, committed 10048K, reserved 1048576K
}
Event: 8275.851 GC heap before
{Heap before GC invocations=165 (full 19):
 garbage-first heap   total 177152K, used 144705K [0x0000000084000000, 0x0000000100000000)
  region size 1024K, 63 young (64512K), 3 survivors (3072K)
 Metaspace       used 71247K, committed 72896K, reserved 1114112K
  class space    used 9300K, committed 10048K, reserved 1048576K
}
Event: 8275.885 GC heap after
{Heap after GC invocations=166 (full 19):
 garbage-first heap   total 177152K, used 83276K [0x0000000084000000, 0x0000000100000000)
  region size 1024K, 3 young (3072K), 3 survivors (3072K)
 Metaspace       used 71247K, committed 72896K, reserved 1114112K
  class space    used 9300K, committed 10048K, reserved 1048576K
}
Event: 8277.620 GC heap before
{Heap before GC invocations=166 (full 19):
 garbage-first heap   total 177152K, used 88396K [0x0000000084000000, 0x0000000100000000)
  region size 1024K, 8 young (8192K), 3 survivors (3072K)
 Metaspace       used 71247K, committed 72896K, reserved 1114112K
  class space    used 9300K, committed 10048K, reserved 1048576K
}
Event: 8277.662 GC heap after
{Heap after GC invocations=167 (full 19):
 garbage-first heap   total 177152K, used 83180K [0x0000000084000000, 0x0000000100000000)
  region size 1024K, 1 young (1024K), 1 survivors (1024K)
 Metaspace       used 71247K, committed 72896K, reserved 1114112K
  class space    used 9300K, committed 10048K, reserved 1048576K
}
Event: 8298.935 GC heap before
{Heap before GC invocations=167 (full 19):
 garbage-first heap   total 177152K, used 148716K [0x0000000084000000, 0x0000000100000000)
  region size 1024K, 65 young (66560K), 1 survivors (1024K)
 Metaspace       used 71270K, committed 72896K, reserved 1114112K
  class space    used 9308K, committed 10048K, reserved 1048576K
}
Event: 8299.156 GC heap after
{Heap after GC invocations=168 (full 19):
 garbage-first heap   total 177152K, used 83083K [0x0000000084000000, 0x0000000100000000)
  region size 1024K, 1 young (1024K), 1 survivors (1024K)
 Metaspace       used 71270K, committed 72896K, reserved 1114112K
  class space    used 9308K, committed 10048K, reserved 1048576K
}
Event: 8321.160 GC heap before
{Heap before GC invocations=169 (full 19):
 garbage-first heap   total 177152K, used 148619K [0x0000000084000000, 0x0000000100000000)
  region size 1024K, 66 young (67584K), 1 survivors (1024K)
 Metaspace       used 71226K, committed 72896K, reserved 1114112K
  class space    used 9299K, committed 10048K, reserved 1048576K
}
Event: 8321.532 GC heap after
{Heap after GC invocations=170 (full 19):
 garbage-first heap   total 177152K, used 83056K [0x0000000084000000, 0x0000000100000000)
  region size 1024K, 1 young (1024K), 1 survivors (1024K)
 Metaspace       used 71226K, committed 72896K, reserved 1114112K
  class space    used 9299K, committed 10048K, reserved 1048576K
}
Event: 8323.909 GC heap before
{Heap before GC invocations=170 (full 19):
 garbage-first heap   total 177152K, used 90224K [0x0000000084000000, 0x0000000100000000)
  region size 1024K, 8 young (8192K), 1 survivors (1024K)
 Metaspace       used 71226K, committed 72896K, reserved 1114112K
  class space    used 9299K, committed 10048K, reserved 1048576K
}
Event: 8324.707 GC heap after
{Heap after GC invocations=171 (full 19):
 garbage-first heap   total 177152K, used 82400K [0x0000000084000000, 0x0000000100000000)
  region size 1024K, 1 young (1024K), 1 survivors (1024K)
 Metaspace       used 71226K, committed 72896K, reserved 1114112K
  class space    used 9299K, committed 10048K, reserved 1048576K
}
Event: 8401.415 GC heap before
{Heap before GC invocations=171 (full 19):
 garbage-first heap   total 177152K, used 95712K [0x0000000084000000, 0x0000000100000000)
  region size 1024K, 14 young (14336K), 1 survivors (1024K)
 Metaspace       used 71226K, committed 72896K, reserved 1114112K
  class space    used 9299K, committed 10048K, reserved 1048576K
}

Deoptimization events (20 events):
Event: 7.814 Thread 0x00000231626094c0 DEOPT PACKING pc=0x000002315703c114 sp=0x0000007d5cdfcdb0
Event: 7.814 Thread 0x00000231626094c0 DEOPT UNPACKING pc=0x0000023156ab6763 sp=0x0000007d5cdfc308 mode 0
Event: 8.270 Thread 0x00000231626094c0 DEOPT PACKING pc=0x000002315725b975 sp=0x0000007d5cdfd560
Event: 8.270 Thread 0x00000231626094c0 DEOPT UNPACKING pc=0x0000023156ab6763 sp=0x0000007d5cdfc9d0 mode 3
Event: 8.943 Thread 0x00000231626094c0 DEOPT PACKING pc=0x00000231572f0bfd sp=0x0000007d5cdfc8b0
Event: 8.943 Thread 0x00000231626094c0 DEOPT UNPACKING pc=0x0000023156ab6763 sp=0x0000007d5cdfbe18 mode 3
Event: 10.546 Thread 0x00000231626094c0 DEOPT PACKING pc=0x00000231574a3599 sp=0x0000007d5cdfb110
Event: 10.546 Thread 0x00000231626094c0 DEOPT UNPACKING pc=0x0000023156ab6763 sp=0x0000007d5cdfa5f0 mode 3
Event: 435.700 Thread 0x0000023166211580 DEOPT PACKING pc=0x00000231574815b4 sp=0x0000007d5e8f79b0
Event: 435.700 Thread 0x0000023166211580 DEOPT UNPACKING pc=0x0000023156ab6763 sp=0x0000007d5e8f6e30 mode 3
Event: 440.943 Thread 0x000002316260c010 DEOPT PACKING pc=0x0000023156e51f7c sp=0x0000007d5d2feb60
Event: 440.943 Thread 0x000002316260c010 DEOPT UNPACKING pc=0x0000023156ab6763 sp=0x0000007d5d2fe110 mode 0
Event: 440.994 Thread 0x0000023162608ff0 DEOPT PACKING pc=0x0000023156e51f7c sp=0x0000007d5d4fec20
Event: 440.994 Thread 0x0000023162608ff0 DEOPT UNPACKING pc=0x0000023156ab6763 sp=0x0000007d5d4fe1d0 mode 0
Event: 440.997 Thread 0x000002316260a330 DEOPT PACKING pc=0x0000023156e51f7c sp=0x0000007d5d6fefd0
Event: 440.997 Thread 0x000002316260a330 DEOPT UNPACKING pc=0x0000023156ab6763 sp=0x0000007d5d6fe580 mode 0
Event: 1734.123 Thread 0x00000231662123f0 DEOPT PACKING pc=0x00000231579526e3 sp=0x0000007d5d5fded0
Event: 1734.123 Thread 0x00000231662123f0 DEOPT UNPACKING pc=0x0000023156ab6763 sp=0x0000007d5d5fd360 mode 3
Event: 3720.145 Thread 0x000002316620ba10 DEOPT PACKING pc=0x0000023157647d33 sp=0x0000007d5f9fbd50
Event: 3720.145 Thread 0x000002316620ba10 DEOPT UNPACKING pc=0x0000023156ab6763 sp=0x0000007d5f9fb258 mode 3

Classes unloaded (20 events):
Event: 7921.508 Thread 0x0000023161c39010 Unloading class 0x000000010094d800 'jdk/internal/reflect/GeneratedSerializationConstructorAccessor136'
Event: 7921.508 Thread 0x0000023161c39010 Unloading class 0x000000010099b400 'jdk/internal/reflect/GeneratedSerializationConstructorAccessor135'
Event: 7921.508 Thread 0x0000023161c39010 Unloading class 0x000000010095d800 'jdk/internal/reflect/GeneratedSerializationConstructorAccessor134'
Event: 8299.308 Thread 0x0000023161c39010 Unloading class 0x00000001009e3c00 'jdk/internal/reflect/GeneratedSerializationConstructorAccessor149'
Event: 8299.308 Thread 0x0000023161c39010 Unloading class 0x00000001009e3800 'jdk/internal/reflect/GeneratedSerializationConstructorAccessor148'
Event: 8299.308 Thread 0x0000023161c39010 Unloading class 0x00000001009e3400 'jdk/internal/reflect/GeneratedSerializationConstructorAccessor147'
Event: 8299.308 Thread 0x0000023161c39010 Unloading class 0x00000001009e2800 'java/lang/invoke/LambdaForm$MH+0x00000001009e2800'
Event: 8299.308 Thread 0x0000023161c39010 Unloading class 0x00000001009e2000 'java/lang/invoke/LambdaForm$MH+0x00000001009e2000'
Event: 8299.308 Thread 0x0000023161c39010 Unloading class 0x00000001009e1800 'java/lang/invoke/LambdaForm$MH+0x00000001009e1800'
Event: 8299.308 Thread 0x0000023161c39010 Unloading class 0x00000001009e1400 'java/lang/invoke/LambdaForm$BMH+0x00000001009e1400'
Event: 8299.308 Thread 0x0000023161c39010 Unloading class 0x00000001009e0c00 'jdk/internal/reflect/GeneratedConstructorAccessor212'
Event: 8299.308 Thread 0x0000023161c39010 Unloading class 0x00000001009b5000 'jdk/internal/reflect/GeneratedConstructorAccessor211'
Event: 8299.308 Thread 0x0000023161c39010 Unloading class 0x00000001009c5c00 'jdk/internal/reflect/GeneratedConstructorAccessor210'
Event: 8299.308 Thread 0x0000023161c39010 Unloading class 0x00000001009c6800 'jdk/internal/reflect/GeneratedConstructorAccessor209'
Event: 8299.308 Thread 0x0000023161c39010 Unloading class 0x00000001009c7000 'jdk/internal/reflect/GeneratedConstructorAccessor208'
Event: 8299.308 Thread 0x0000023161c39010 Unloading class 0x00000001009c7800 'jdk/internal/reflect/GeneratedConstructorAccessor207'
Event: 8299.308 Thread 0x0000023161c39010 Unloading class 0x00000001009d3800 'jdk/internal/reflect/GeneratedMethodAccessor811'
Event: 8299.308 Thread 0x0000023161c39010 Unloading class 0x00000001009e0000 'jdk/internal/reflect/GeneratedMethodAccessor810'
Event: 8299.308 Thread 0x0000023161c39010 Unloading class 0x00000001009d0800 'jdk/internal/reflect/GeneratedMethodAccessor797'
Event: 8299.308 Thread 0x0000023161c39010 Unloading class 0x000000010099c400 'jdk/internal/reflect/GeneratedMethodAccessor703'

Classes redefined (0 events):
No events

Internal exceptions (20 events):
Event: 7684.802 Thread 0x0000023166b1f1d0 Exception <a 'java/lang/ClassNotFoundException'{0x000000008cd163c8}: com/devback/uc/Entity/RoleCustomizer> (0x000000008cd163c8) 
thrown [e:\jenkins\tmp\workspace\build\src\src\hotspot\share\classfile\systemDictionary.cpp, line 256]
Event: 7684.864 Thread 0x0000023166b1f1d0 Exception <a 'java/io/FileNotFoundException'{0x000000008c083e98}> (0x000000008c083e98) 
thrown [e:\jenkins\tmp\workspace\build\src\src\hotspot\share\prims\jni.cpp, line 516]
Event: 7684.903 Thread 0x0000023166b1f1d0 Exception <a 'java/lang/ClassNotFoundException'{0x000000008bc636e0}: java/lang/ObjectCustomizer> (0x000000008bc636e0) 
thrown [e:\jenkins\tmp\workspace\build\src\src\hotspot\share\classfile\systemDictionary.cpp, line 256]
Event: 7684.904 Thread 0x0000023166b1f1d0 Exception <a 'java/lang/ClassNotFoundException'{0x000000008bc6dbf8}: com/devback/uc/Entity/ChambreA1Customizer> (0x000000008bc6dbf8) 
thrown [e:\jenkins\tmp\workspace\build\src\src\hotspot\share\classfile\systemDictionary.cpp, line 256]
Event: 7684.923 Thread 0x0000023166b1f1d0 Exception <a 'java/lang/ClassNotFoundException'{0x000000008b9aee08}: java/lang/ObjectCustomizer> (0x000000008b9aee08) 
thrown [e:\jenkins\tmp\workspace\build\src\src\hotspot\share\classfile\systemDictionary.cpp, line 256]
Event: 7684.923 Thread 0x0000023166b1f1d0 Exception <a 'java/lang/ClassNotFoundException'{0x000000008b9b9320}: com/devback/uc/Entity/ChambreA2Customizer> (0x000000008b9b9320) 
thrown [e:\jenkins\tmp\workspace\build\src\src\hotspot\share\classfile\systemDictionary.cpp, line 256]
Event: 7684.937 Thread 0x0000023166b1f1d0 Exception <a 'java/lang/ClassNotFoundException'{0x000000008b7dbed0}: java/lang/ObjectCustomizer> (0x000000008b7dbed0) 
thrown [e:\jenkins\tmp\workspace\build\src\src\hotspot\share\classfile\systemDictionary.cpp, line 256]
Event: 7684.937 Thread 0x0000023166b1f1d0 Exception <a 'java/lang/ClassNotFoundException'{0x000000008b7e63e8}: com/devback/uc/Entity/ChambreA3Customizer> (0x000000008b7e63e8) 
thrown [e:\jenkins\tmp\workspace\build\src\src\hotspot\share\classfile\systemDictionary.cpp, line 256]
Event: 7685.125 Thread 0x0000023166b1f1d0 Exception <a 'com/sun/jna/LastErrorException'{0x000000008e09fc38}: [6] Descripteur non valide
> (0x000000008e09fc38) 
thrown [e:\jenkins\tmp\workspace\build\src\src\hotspot\share\prims\jni.cpp, line 535]
Event: 7685.125 Thread 0x0000023166b1f1d0 Exception <a 'java/lang/NoClassDefFoundError'{0x000000008e0a1928}: Could not initialize class org.jline.terminal.impl.jansi.win.JansiWinSysTerminal> (0x000000008e0a1928) 
thrown [e:\jenkins\tmp\workspace\build\src\src\hotspot\share\oops\instanceKlass.cpp, line 1079]
Event: 7685.130 Thread 0x0000023166b1f1d0 Exception <a 'java/io/IOException'{0x000000008e0a28e8}: CreateProcess error=2, Le fichier spcifi est introuvable> (0x000000008e0a28e8) 
thrown [e:\jenkins\tmp\workspace\build\src\src\hotspot\share\prims\jni.cpp, line 535]
Event: 7685.130 Thread 0x0000023166b1f1d0 Exception <a 'java/io/IOException'{0x000000008e0a4928}: CreateProcess error=2, Le fichier spcifi est introuvable> (0x000000008e0a4928) 
thrown [e:\jenkins\tmp\workspace\build\src\src\hotspot\share\prims\jni.cpp, line 535]
Event: 7685.131 Thread 0x0000023166b1f1d0 Exception <a 'com/sun/jna/LastErrorException'{0x000000008e0a6938}: [6] Descripteur non valide
> (0x000000008e0a6938) 
thrown [e:\jenkins\tmp\workspace\build\src\src\hotspot\share\prims\jni.cpp, line 535]
Event: 7685.131 Thread 0x0000023166b1f1d0 Exception <a 'java/lang/NoClassDefFoundError'{0x000000008e0a8628}: Could not initialize class org.jline.terminal.impl.jansi.win.JansiWinSysTerminal> (0x000000008e0a8628) 
thrown [e:\jenkins\tmp\workspace\build\src\src\hotspot\share\oops\instanceKlass.cpp, line 1079]
Event: 7685.131 Thread 0x0000023166b1f1d0 Exception <a 'java/io/IOException'{0x000000008e0aafa0}: CreateProcess error=2, Le fichier spcifi est introuvable> (0x000000008e0aafa0) 
thrown [e:\jenkins\tmp\workspace\build\src\src\hotspot\share\prims\jni.cpp, line 535]
Event: 7685.131 Thread 0x0000023166b1f1d0 Exception <a 'com/sun/jna/LastErrorException'{0x000000008e0acf60}: [6] Descripteur non valide
> (0x000000008e0acf60) 
thrown [e:\jenkins\tmp\workspace\build\src\src\hotspot\share\prims\jni.cpp, line 535]
Event: 7685.131 Thread 0x0000023166b1f1d0 Exception <a 'java/lang/NoClassDefFoundError'{0x000000008e0aec50}: Could not initialize class org.jline.terminal.impl.jansi.win.JansiWinSysTerminal> (0x000000008e0aec50) 
thrown [e:\jenkins\tmp\workspace\build\src\src\hotspot\share\oops\instanceKlass.cpp, line 1079]
Event: 7685.131 Thread 0x0000023166b1f1d0 Exception <a 'java/io/IOException'{0x000000008e0b14f0}: CreateProcess error=2, Le fichier spcifi est introuvable> (0x000000008e0b14f0) 
thrown [e:\jenkins\tmp\workspace\build\src\src\hotspot\share\prims\jni.cpp, line 535]
Event: 7688.688 Thread 0x0000023166b21850 Exception <a 'java/lang/NoSuchMethodError'{0x000000008d4fca80}: 'void java.lang.invoke.DelegatingMethodHandle$Holder.reinvoke_L(java.lang.Object, java.lang.Object, long)'> (0x000000008d4fca80) 
thrown [e:\jenkins\tmp\workspace\build\src\src\hotspot\share\interpreter\linkResolver.cpp, line 766]
Event: 7802.542 Thread 0x0000023165c60a00 Exception <a 'java/lang/NoSuchMethodError'{0x000000008c2a93b8}: static [B.<clinit>()V> (0x000000008c2a93b8) 
thrown [e:\jenkins\tmp\workspace\build\src\src\hotspot\share\prims\jni.cpp, line 1107]

VM Operations (20 events):
Event: 8319.842 Executing VM operation: Cleanup done
Event: 8320.712 Executing VM operation: ICBufferFull
Event: 8320.712 Executing VM operation: ICBufferFull done
Event: 8321.160 Executing VM operation: G1CollectForAllocation
Event: 8321.532 Executing VM operation: G1CollectForAllocation done
Event: 8322.463 Executing VM operation: ICBufferFull
Event: 8322.464 Executing VM operation: ICBufferFull done
Event: 8323.385 Executing VM operation: ICBufferFull
Event: 8323.385 Executing VM operation: ICBufferFull done
Event: 8323.909 Executing VM operation: G1CollectForAllocation
Event: 8324.707 Executing VM operation: G1CollectForAllocation done
Event: 8325.714 Executing VM operation: Cleanup
Event: 8325.714 Executing VM operation: Cleanup done
Event: 8326.726 Executing VM operation: Cleanup
Event: 8326.726 Executing VM operation: Cleanup done
Event: 8327.735 Executing VM operation: Cleanup
Event: 8327.735 Executing VM operation: Cleanup done
Event: 8388.246 Executing VM operation: Cleanup
Event: 8388.246 Executing VM operation: Cleanup done
Event: 8401.415 Executing VM operation: G1CollectForAllocation

Events (20 events):
Event: 7685.189 Thread 0x0000023166b243a0 Thread added: 0x0000023166b243a0
Event: 7685.189 Thread 0x0000023166b1d9c0 Thread added: 0x0000023166b1d9c0
Event: 7685.197 Thread 0x0000023166b1de90 Thread added: 0x0000023166b1de90
Event: 7685.216 Thread 0x0000023166b1e360 Thread added: 0x0000023166b1e360
Event: 7685.217 Thread 0x0000023166325180 Thread added: 0x0000023166325180
Event: 7685.217 Thread 0x0000023166326e60 Thread added: 0x0000023166326e60
Event: 7685.222 Thread 0x0000023166329e80 Thread added: 0x0000023166329e80
Event: 7685.330 Thread 0x00000231663299b0 Thread added: 0x00000231663299b0
Event: 7688.029 Thread 0x0000023166595910 Thread exited: 0x0000023166595910
Event: 7744.780 Thread 0x0000023166b1e830 Thread exited: 0x0000023166b1e830
Event: 8274.215 Thread 0x00000231669f42c0 Thread added: 0x00000231669f42c0
Event: 8280.014 Thread 0x0000023166554f70 Thread added: 0x0000023166554f70
Event: 8287.756 Thread 0x0000023166554f70 Thread exited: 0x0000023166554f70
Event: 8287.756 Thread 0x00000231669f42c0 Thread exited: 0x00000231669f42c0
Event: 8290.819 Thread 0x0000023166abcb30 Thread added: 0x0000023166abcb30
Event: 8290.819 Thread 0x0000023166abd040 Thread added: 0x0000023166abd040
Event: 8290.820 Thread 0x0000023166abd550 Thread added: 0x0000023166abd550
Event: 8298.060 Thread 0x0000023166abd550 Thread exited: 0x0000023166abd550
Event: 8303.062 Thread 0x0000023166abd040 Thread exited: 0x0000023166abd040
Event: 8303.063 Thread 0x0000023166abcb30 Thread exited: 0x0000023166abcb30


Dynamic libraries:
0x00007ff6dee80000 - 0x00007ff6dee8e000 	E:\new prog\sts-4.15.1.RELEASE\plugins\org.eclipse.justj.openjdk.hotspot.jre.full.win32.x86_64_17.0.3.v20220515-1416\jre\bin\javaw.exe
0x00007fff83490000 - 0x00007fff836a4000 	C:\WINDOWS\SYSTEM32\ntdll.dll
0x00007fff83120000 - 0x00007fff831e2000 	C:\WINDOWS\System32\KERNEL32.DLL
0x00007fff80d20000 - 0x00007fff810c3000 	C:\WINDOWS\System32\KERNELBASE.dll
0x00007fff80b10000 - 0x00007fff80c21000 	C:\WINDOWS\System32\ucrtbase.dll
0x00007fff69470000 - 0x00007fff69488000 	E:\new prog\sts-4.15.1.RELEASE\plugins\org.eclipse.justj.openjdk.hotspot.jre.full.win32.x86_64_17.0.3.v20220515-1416\jre\bin\jli.dll
0x00007fff640d0000 - 0x00007fff640e9000 	E:\new prog\sts-4.15.1.RELEASE\plugins\org.eclipse.justj.openjdk.hotspot.jre.full.win32.x86_64_17.0.3.v20220515-1416\jre\bin\VCRUNTIME140.dll
0x00007fff819b0000 - 0x00007fff81b5b000 	C:\WINDOWS\System32\USER32.dll
0x00007fff80c30000 - 0x00007fff80c56000 	C:\WINDOWS\System32\win32u.dll
0x00007fff76cc0000 - 0x00007fff76f4e000 	C:\WINDOWS\WinSxS\amd64_microsoft.windows.common-controls_6595b64144ccf1df_6.0.22621.1635_none_270f70857386168e\COMCTL32.dll
0x00007fff81b60000 - 0x00007fff81c07000 	C:\WINDOWS\System32\msvcrt.dll
0x00007fff817a0000 - 0x00007fff817c9000 	C:\WINDOWS\System32\GDI32.dll
0x00007fff810d0000 - 0x00007fff811e9000 	C:\WINDOWS\System32\gdi32full.dll
0x00007fff80a70000 - 0x00007fff80b0a000 	C:\WINDOWS\System32\msvcp_win.dll
0x00007fff83410000 - 0x00007fff83441000 	C:\WINDOWS\System32\IMM32.DLL
0x00007fff74790000 - 0x00007fff7479c000 	E:\new prog\sts-4.15.1.RELEASE\plugins\org.eclipse.justj.openjdk.hotspot.jre.full.win32.x86_64_17.0.3.v20220515-1416\jre\bin\vcruntime140_1.dll
0x00007fff504c0000 - 0x00007fff50551000 	E:\new prog\sts-4.15.1.RELEASE\plugins\org.eclipse.justj.openjdk.hotspot.jre.full.win32.x86_64_17.0.3.v20220515-1416\jre\bin\msvcp140.dll
0x00007fff28e50000 - 0x00007fff29a98000 	E:\new prog\sts-4.15.1.RELEASE\plugins\org.eclipse.justj.openjdk.hotspot.jre.full.win32.x86_64_17.0.3.v20220515-1416\jre\bin\server\jvm.dll
0x00007fff81270000 - 0x00007fff8131e000 	C:\WINDOWS\System32\ADVAPI32.dll
0x00007fff83360000 - 0x00007fff83404000 	C:\WINDOWS\System32\sechost.dll
0x00007fff814c0000 - 0x00007fff815d7000 	C:\WINDOWS\System32\RPCRT4.dll
0x00007fff831f0000 - 0x00007fff831f8000 	C:\WINDOWS\System32\PSAPI.DLL
0x00007fff7a300000 - 0x00007fff7a30a000 	C:\WINDOWS\SYSTEM32\VERSION.dll
0x00007fff770c0000 - 0x00007fff770f4000 	C:\WINDOWS\SYSTEM32\WINMM.dll
0x00007fff59a10000 - 0x00007fff59a19000 	C:\WINDOWS\SYSTEM32\WSOCK32.dll
0x00007fff817d0000 - 0x00007fff81841000 	C:\WINDOWS\System32\WS2_32.dll
0x00007fff7f8a0000 - 0x00007fff7f8b8000 	C:\WINDOWS\SYSTEM32\kernel.appcore.dll
0x00007fff7d6d0000 - 0x00007fff7d6da000 	E:\new prog\sts-4.15.1.RELEASE\plugins\org.eclipse.justj.openjdk.hotspot.jre.full.win32.x86_64_17.0.3.v20220515-1416\jre\bin\jimage.dll
0x00007fff7e3f0000 - 0x00007fff7e61e000 	C:\WINDOWS\SYSTEM32\DBGHELP.DLL
0x00007fff82820000 - 0x00007fff82ba9000 	C:\WINDOWS\System32\combase.dll
0x00007fff81850000 - 0x00007fff81927000 	C:\WINDOWS\System32\OLEAUT32.dll
0x00007fff68730000 - 0x00007fff68762000 	C:\WINDOWS\SYSTEM32\dbgcore.DLL
0x00007fff811f0000 - 0x00007fff8126b000 	C:\WINDOWS\System32\bcryptPrimitives.dll
0x00007fff6b5b0000 - 0x00007fff6b5d5000 	E:\new prog\sts-4.15.1.RELEASE\plugins\org.eclipse.justj.openjdk.hotspot.jre.full.win32.x86_64_17.0.3.v20220515-1416\jre\bin\java.dll
0x00007fff75de0000 - 0x00007fff75df8000 	E:\new prog\sts-4.15.1.RELEASE\plugins\org.eclipse.justj.openjdk.hotspot.jre.full.win32.x86_64_17.0.3.v20220515-1416\jre\bin\zip.dll
0x00007fff81df0000 - 0x00007fff825ea000 	C:\WINDOWS\System32\SHELL32.dll
0x00007fff7e760000 - 0x00007fff7f02e000 	C:\WINDOWS\SYSTEM32\windows.storage.dll
0x00007fff7e620000 - 0x00007fff7e75e000 	C:\WINDOWS\SYSTEM32\wintypes.dll
0x00007fff82720000 - 0x00007fff82811000 	C:\WINDOWS\System32\SHCORE.dll
0x00007fff81930000 - 0x00007fff8198e000 	C:\WINDOWS\System32\shlwapi.dll
0x00007fff807c0000 - 0x00007fff807e1000 	C:\WINDOWS\SYSTEM32\profapi.dll
0x00007fff72340000 - 0x00007fff72359000 	E:\new prog\sts-4.15.1.RELEASE\plugins\org.eclipse.justj.openjdk.hotspot.jre.full.win32.x86_64_17.0.3.v20220515-1416\jre\bin\net.dll
0x00007fff79530000 - 0x00007fff79667000 	C:\WINDOWS\SYSTEM32\WINHTTP.dll
0x00007fff7fd00000 - 0x00007fff7fd69000 	C:\WINDOWS\system32\mswsock.dll
0x00007fff702f0000 - 0x00007fff70305000 	E:\new prog\sts-4.15.1.RELEASE\plugins\org.eclipse.justj.openjdk.hotspot.jre.full.win32.x86_64_17.0.3.v20220515-1416\jre\bin\nio.dll
0x00007fff71a90000 - 0x00007fff71a99000 	E:\new prog\sts-4.15.1.RELEASE\plugins\org.eclipse.justj.openjdk.hotspot.jre.full.win32.x86_64_17.0.3.v20220515-1416\jre\bin\management.dll
0x00007fff694b0000 - 0x00007fff694bb000 	E:\new prog\sts-4.15.1.RELEASE\plugins\org.eclipse.justj.openjdk.hotspot.jre.full.win32.x86_64_17.0.3.v20220515-1416\jre\bin\management_ext.dll
0x00007fff773a0000 - 0x00007fff773b7000 	C:\WINDOWS\system32\napinsp.dll
0x00007fff77380000 - 0x00007fff7739b000 	C:\WINDOWS\system32\pnrpnsp.dll
0x00007fff7f3e0000 - 0x00007fff7f4d3000 	C:\WINDOWS\SYSTEM32\DNSAPI.dll
0x00007fff7f3b0000 - 0x00007fff7f3dd000 	C:\WINDOWS\SYSTEM32\IPHLPAPI.DLL
0x00007fff819a0000 - 0x00007fff819a9000 	C:\WINDOWS\System32\NSI.dll
0x00007fff5bb00000 - 0x00007fff5bb11000 	C:\WINDOWS\System32\winrnr.dll
0x00007fff782e0000 - 0x00007fff782f5000 	C:\WINDOWS\system32\wshbth.dll
0x00007fff5b9a0000 - 0x00007fff5b9c1000 	C:\WINDOWS\system32\nlansp_c.dll
0x00007fff785f0000 - 0x00007fff785fa000 	C:\Windows\System32\rasadhlp.dll
0x00007fff78180000 - 0x00007fff78204000 	C:\WINDOWS\System32\fwpuclnt.dll
0x00007fff80090000 - 0x00007fff800ab000 	C:\WINDOWS\SYSTEM32\CRYPTSP.dll
0x00007fff7f810000 - 0x00007fff7f845000 	C:\WINDOWS\system32\rsaenh.dll
0x00007fff7fda0000 - 0x00007fff7fdc8000 	C:\WINDOWS\SYSTEM32\USERENV.dll
0x00007fff801c0000 - 0x00007fff801e8000 	C:\WINDOWS\SYSTEM32\bcrypt.dll
0x00007fff7ff00000 - 0x00007fff7ff0c000 	C:\WINDOWS\SYSTEM32\CRYPTBASE.dll
0x00007fff78920000 - 0x00007fff78939000 	C:\WINDOWS\SYSTEM32\dhcpcsvc6.DLL
0x00007fff78900000 - 0x00007fff7891f000 	C:\WINDOWS\SYSTEM32\dhcpcsvc.DLL
0x00007fff7d4f0000 - 0x00007fff7d500000 	E:\new prog\sts-4.15.1.RELEASE\plugins\org.eclipse.justj.openjdk.hotspot.jre.full.win32.x86_64_17.0.3.v20220515-1416\jre\bin\verify.dll
0x00007fff7b6d0000 - 0x00007fff7b6de000 	E:\new prog\sts-4.15.1.RELEASE\plugins\org.eclipse.justj.openjdk.hotspot.jre.full.win32.x86_64_17.0.3.v20220515-1416\jre\bin\sunmscapi.dll
0x00007fff80890000 - 0x00007fff809f7000 	C:\WINDOWS\System32\CRYPT32.dll
0x00007fff80060000 - 0x00007fff8008e000 	C:\WINDOWS\SYSTEM32\ncrypt.dll
0x00007fff80020000 - 0x00007fff80057000 	C:\WINDOWS\SYSTEM32\NTASN1.dll
0x00007fff52160000 - 0x00007fff521a5000 	C:\Users\abdou\AppData\Local\Temp\jna-92600713\jna6651759590800521755.dll
0x00007fff62cd0000 - 0x00007fff62cd8000 	C:\WINDOWS\system32\wshunix.dll

dbghelp: loaded successfully - version: 4.0.5 - missing functions: none
symbol engine: initialized successfully - sym options: 0x614 - pdb path: .;E:\new prog\sts-4.15.1.RELEASE\plugins\org.eclipse.justj.openjdk.hotspot.jre.full.win32.x86_64_17.0.3.v20220515-1416\jre\bin;C:\WINDOWS\SYSTEM32;C:\WINDOWS\WinSxS\amd64_microsoft.windows.common-controls_6595b64144ccf1df_6.0.22621.1635_none_270f70857386168e;E:\new prog\sts-4.15.1.RELEASE\plugins\org.eclipse.justj.openjdk.hotspot.jre.full.win32.x86_64_17.0.3.v20220515-1416\jre\bin\server;C:\Users\abdou\AppData\Local\Temp\jna-92600713

VM Arguments:
jvm_args: -Dcom.sun.management.jmxremote -Dcom.sun.management.jmxremote.port=54820 -Dcom.sun.management.jmxremote.authenticate=false -Dcom.sun.management.jmxremote.ssl=false -Djava.rmi.server.hostname=localhost -Dspring.jmx.enabled=true -Dspring.application.admin.enabled=true -XX:TieredStopAtLevel=1 -Dspring.boot.project.name=uc-1 -Dfile.encoding=UTF-8 -XX:+ShowCodeDetailsInExceptionMessages 
java_command: com.devback.uc.Uc1Application
java_class_path (initial): C:\Users\abdou\Documents\workspace-spring-tool-suite-4-4.15.1.RELEASE\uc-1\target\classes;C:\Users\abdou\.m2\repository\org\springframework\boot\spring-boot-starter-batch\2.7.1\spring-boot-starter-batch-2.7.1.jar;C:\Users\abdou\.m2\repository\org\springframework\boot\spring-boot-starter\2.7.1\spring-boot-starter-2.7.1.jar;C:\Users\abdou\.m2\repository\org\springframework\boot\spring-boot-starter-logging\2.7.1\spring-boot-starter-logging-2.7.1.jar;C:\Users\abdou\.m2\repository\ch\qos\logback\logback-classic\1.2.11\logback-classic-1.2.11.jar;C:\Users\abdou\.m2\repository\ch\qos\logback\logback-core\1.2.11\logback-core-1.2.11.jar;C:\Users\abdou\.m2\repository\org\apache\logging\log4j\log4j-to-slf4j\2.17.2\log4j-to-slf4j-2.17.2.jar;C:\Users\abdou\.m2\repository\org\apache\logging\log4j\log4j-api\2.17.2\log4j-api-2.17.2.jar;C:\Users\abdou\.m2\repository\org\slf4j\jul-to-slf4j\1.7.36\jul-to-slf4j-1.7.36.jar;C:\Users\abdou\.m2\repository\jakarta\annotation\jakarta.annotation-api\1.3.5\jakarta.annotation-api-1.3.5.jar;C:\Users\abdou\.m2\repository\org\yaml\snakeyaml\1.30\snakeyaml-1.30.jar;C:\Users\abdou\.m2\repository\org\springframework\boot\spring-boot-starter-jdbc\2.7.1\spring-boot-starter-jdbc-2.7.1.jar;C:\Users\abdou\.m2\repository\com\zaxxer\HikariCP\4.0.3\HikariCP-4.0.3.jar;C:\Users\abdou\.m2\repository\org\springframework\batch\spring-batch-core\4.3.6\spring-batch-core-4.3.6.jar;C:\Users\abdou\.m2\repository\io\micrometer\micrometer-core\1.9.1\micrometer-core-1.9.1.jar;C:\Users\abdou\.m2\repository\org\hdrhistogram\HdrHistogram\2.1.12\HdrHistogram-2.1.12.jar;C:\Users\abdou\.m2\repository\org\latencyutils\LatencyUtils\2.0.3\LatencyUtils-2.0.3.jar;C:\Users\abdou\.m2\repository\javax\batch\javax.batch-api\1.0\javax.batch-api-1.0.jar;C:\Users\abdou\.m2\repository\org\codehaus\jettison\jettison\1.2\jettison-1.2.jar;C:\Users\abdou\.m2\repository\org\springframework\batch\spring-batch-infrastructure\4.3.6\spring-batch-infrastructure-4.3.6.jar;
Launcher Type: SUN_STANDARD

[Global flags]
     intx CICompilerCount                          = 4                                         {product} {ergonomic}
     uint ConcGCThreads                            = 2                                         {product} {ergonomic}
     uint G1ConcRefinementThreads                  = 8                                         {product} {ergonomic}
   size_t G1HeapRegionSize                         = 1048576                                   {product} {ergonomic}
    uintx GCDrainStackTargetSize                   = 64                                        {product} {ergonomic}
   size_t InitialHeapSize                          = 130023424                                 {product} {ergonomic}
     bool ManagementServer                         = true                                      {product} {command line}
   size_t MarkStackSize                            = 4194304                                   {product} {ergonomic}
   size_t MaxHeapSize                              = 2080374784                                {product} {ergonomic}
   size_t MaxNewSize                               = 1247805440                                {product} {ergonomic}
   size_t MinHeapDeltaBytes                        = 1048576                                   {product} {ergonomic}
   size_t MinHeapSize                              = 8388608                                   {product} {ergonomic}
    uintx NonProfiledCodeHeapSize                  = 0                                      {pd product} {ergonomic}
     bool ProfileInterpreter                       = false                                  {pd product} {command line}
    uintx ProfiledCodeHeapSize                     = 0                                      {pd product} {ergonomic}
     bool ShowCodeDetailsInExceptionMessages       = true                                   {manageable} {command line}
   size_t SoftMaxHeapSize                          = 2080374784                             {manageable} {ergonomic}
     intx TieredStopAtLevel                        = 1                                         {product} {command line}
     bool UseCompressedClassPointers               = true                           {product lp64_product} {ergonomic}
     bool UseCompressedOops                        = true                           {product lp64_product} {ergonomic}
     bool UseG1GC                                  = true                                      {product} {ergonomic}
     bool UseLargePagesIndividualAllocation        = false                                  {pd product} {ergonomic}

Logging:
Log output configuration:
 #0: stdout all=warning uptime,level,tags
 #1: stderr all=off uptime,level,tags

Environment Variables:
JAVA_HOME=C:\Program Files\Java\jdk8
PATH=E:/new prog/sts-4.15.1.RELEASE//plugins/org.eclipse.justj.openjdk.hotspot.jre.full.win32.x86_64_17.0.3.v20220515-1416/jre/bin/server;E:/new prog/sts-4.15.1.RELEASE//plugins/org.eclipse.justj.openjdk.hotspot.jre.full.win32.x86_64_17.0.3.v20220515-1416/jre/bin;C:\Program Files\Microsoft\jdk-11.0.12.7-hotspot\bin;C:\Program Files\Microsoft\jdk-11.0.16.101-hotspot\bin;C:\Program Files (x86)\VMware\VMware Workstation\bin\;C:\Program Files (x86)\Common Files\Oracle\Java\javapath;C:\Python311\Scripts\;C:\Python311\;C:\Python310\Scripts\;C:\Python310\;C:\ProgramData\Oracle\Java\javapath;C:\oraclexe\app\oracle\product\10.2.0\server\bin;C:\windows\system32;C:\windows;C:\windows\System32\Wbem;C:\windows\System32\WindowsPowerShell\v1.0\;C:\windows\System32\OpenSSH\;C:\Program Files\MATLAB\R2022a\bin;C:\ProgramData\chocolatey\bin;C:\Program Files\Git\cmd;C:\WINDOWS\system32;C:\WINDOWS;C:\WINDOWS\System32\Wbem;C:\WINDOWS\System32\WindowsPowerShell\v1.0\;C:\WINDOWS\System32\OpenSSH\;C:\Program Files (x86)\NVIDIA Corporation\PhysX\Common;C:\Program Files\NVIDIA Corporation\NVIDIA NvDLISR;C:\Program Files\Microsoft SQL Server\Client SDK\ODBC\170\Tools\Binn\;C:\Program Files\Microsoft SQL Server\150\Tools\Binn\;C:\Program Files\nodejs\;C:\Program Files\dotnet\;C:\Program Files\MySQL\MySQL Shell 8.0\bin\;C:\Users\abdou\AppData\Local\Microsoft\WindowsApps;C:\Users\abdou\AppData\Local\Programs\Microsoft VS Code\bin;C:\Program Files\JetBrains\IntelliJ IDEA 2022.2.3\bin;;C:\Users\abdou\.dotnet\tools;C:\Users\abdou\AppData\Roaming\npm;C:\Program Files\Java\jdk1.8.0_361\bin;C:\Program Files\Java\jdk8\bin;C:\winutil;C:\spark\bin;;C:\Program Files\JetBrains\IntelliJ IDEA Community Edition 2023.1.2\bin;;E:\new prog\sts-4.15.1.RELEASE;
USERNAME=abdou
OS=Windows_NT
PROCESSOR_IDENTIFIER=Intel64 Family 6 Model 140 Stepping 1, GenuineIntel



---------------  S Y S T E M  ---------------

OS:
 Windows 11 , 64 bit Build 22621 (10.0.22621.1778)
OS uptime: 16 days 6:33 hours
Hyper-V role detected

CPU: total 8 (initial active 8) (4 cores per cpu, 2 threads per core) family 6 model 140 stepping 1 microcode 0x86, cx8, cmov, fxsr, ht, mmx, 3dnowpref, sse, sse2, sse3, ssse3, sse4.1, sse4.2, popcnt, lzcnt, tsc, tscinvbit, avx, avx2, aes, erms, clmul, bmi1, bmi2, adx, avx512f, avx512dq, avx512cd, avx512bw, avx512vl, sha, fma, vzeroupper, avx512_vpopcntdq, avx512_vpclmulqdq, avx512_vaes, avx512_vnni, clflush, clflushopt, clwb, avx512_vbmi2, avx512_vbmi, hv

Memory: 4k page, system-wide physical 7932M (611M free)
TotalPageFile size 16124M (AvailPageFile size 638M)
current process WorkingSet (physical memory assigned to process): 286M, peak: 317M
current process commit charge ("private bytes"): 390M, peak: 582M

vm_info: OpenJDK 64-Bit Server VM (17.0.3+7) for windows-amd64 JRE (17.0.3+7), built on Apr 19 2022 16:55:35 by "" with MS VC++ 16.7 (VS2019)

END.
